2012-05-11 15:16:26 : 06/01/11 Notified users of Minor Event involving train in tweet 329 depart San Jose 14 minutes late T08:17
2012-05-11 15:16:27 : 06/01/11 Notified users of Minor Event involving train in tweet NB261 4 minutes late into Mountain View T16:07
2012-05-11 15:16:27 : 06/01/11 Notified users of Minor Event involving train in tweet Sorry, somewhat graphic: part of whatever from sb382 hit nb285. Shut down in both directions. T19:05
2012-05-11 15:16:27 : 06/01/11 Notified users of Minor Event involving train in tweet Sorry, somewhat graphic: part of whatever from sb382 hit nb285. Shut down in both directions. T19:05
2012-05-11 15:16:27 : 06/01/11 Notified users of Minor Event involving train in tweet Now SB382 has a passenger requiring medical aid. "Is there a doctor on board?" message on PA system. T19:36
2012-05-11 15:16:27 : 06/01/11 Notified users of Minor Event involving train in tweet SB190 Still in SF - just announced 2 hour delay T19:40
2012-05-11 15:16:27 : 06/01/11 Notified users of Minor Event involving train in tweet Conductor says they are looking for a rescue train for stopped SB382 train. ETA 45 minutes. T19:47
2012-05-11 15:16:27 : 06/01/11 Notified users of Minor Event involving train in tweet SB 288 still sitting at RWC. 65 min late & counting T20:35
2012-05-11 15:16:27 : 06/01/11 Notified users of Minor Event involving train in tweet Sb382 on the move south. Out of service, I believe. Both tracks should be open now. T20:37
2012-05-11 15:16:28 : 06/01/11 Notified users of Minor Event involving train in tweet New SB382 (aka rescue) is now at Mountain View station. Don't forget to tag off. T20:42
2012-05-11 15:16:28 : 06/01/11 Notified users of Minor Event involving train in tweet Sb288 arriving now at PA. Expect another hold at Cal Av. T20:53
2012-05-11 15:16:28 : 06/01/11 Notified users of Minor Event involving train in tweet Correction sb288 now arriving at Menlo Park. Still expecting to hold at Cal Av T20:55
2012-05-11 15:16:28 : 06/02/11 Notified users of Minor Event involving train in tweet Sb314 delayed. Sb216 leaving on schedule, so far making ONLY it's stops T07:14
2012-05-11 15:16:28 : 06/02/11 Notified users of Minor Event involving train in tweet Sb314 delayed. Sb216 leaving on schedule, so far making ONLY it's stops T07:14
2012-05-11 15:16:28 : 06/02/11 Notified users of Minor Event involving train in tweet Some chatter about sb216 going into siding once they get sb314 to leave SF. Sb216 left first T07:22
2012-05-11 15:16:28 : 06/02/11 Notified users of Minor Event involving train in tweet Some chatter about sb216 going into siding once they get sb314 to leave SF. Sb216 left first T07:22
2012-05-11 15:16:28 : 06/02/11 Notified users of Minor Event involving train in tweet Some chatter about sb216 going into siding once they get sb314 to leave SF. Sb216 left first T07:22
2012-05-11 15:16:28 : 06/02/11 Notified users of Minor Event involving train in tweet SB 314 leaving 22nd 9 minutes late T07:29
2012-05-11 15:16:28 : 06/02/11 Notified users of Minor Event involving train in tweet SB322 arriving Millbrae 3 min late T08:22
2012-05-11 15:16:28 : 06/02/11 Notified users of Minor Event involving train in tweet NB 135 departed MV 9 minutes late T09:38
2012-05-11 15:16:28 : 06/02/11 Notified users of Minor Event involving train in tweet Nb135 departing millbrae 23 min late. Police escorted fare evader off. T10:36
2012-05-11 15:16:28 : 06/03/11 Notified users of Minor Event involving train in tweet SB332 arrived mtn view on time but unable to open doors for 3 mins T09:48
2012-05-11 15:16:29 : 06/06/11 Notified users of Minor Event involving train in tweet SB312 running late due to "two trains ahead of us". 5+ late into RWC. T07:34
2012-05-11 15:16:29 : 06/06/11 Notified users of Minor Event involving train in tweet SB 314 was also protecting San Bruno. 2 minutes late out of Millbrae. T07:38
2012-05-11 15:16:29 : 06/06/11 Notified users of Minor Event involving train in tweet Sb216 left San Bruno 6 minutes late T07:39
2012-05-11 15:16:29 : 06/06/11 Notified users of Minor Event involving train in tweet SB312 passed SB210 (?) on siding between RWC and MP. Approx 6 min down. T07:41
2012-05-11 15:16:29 : 06/06/11 Notified users of Minor Event involving train in tweet SB312 passed SB210 (?) on siding between RWC and MP. Approx 6 min down. T07:41
2012-05-11 15:16:29 : 06/06/11 Notified users of Minor Event involving train in tweet SB 314 was very slow between Atherton and PA. Now 5 minutes down. T07:56
2012-05-11 15:16:29 : 06/06/11 Notified users of Minor Event involving train in tweet NB225 leaving MTV 6 minutes late. T08:13
2012-05-11 15:16:29 : 06/06/11 Notified users of Minor Event involving train in tweet NB329 left Sunnyvale 5 minutes late T08:20
2012-05-11 15:16:29 : 06/06/11 Notified users of Minor Event involving train in tweet SB322 5 mins late leaving millbrae T08:22
2012-05-11 15:16:29 : 06/06/11 Notified users of Minor Event involving train in tweet nb233 15 minutes late leaving SV T09:12
2012-05-11 15:16:29 : 06/06/11 Notified users of Minor Event involving train in tweet NB 193 departed mountain view 5 mins late T20:53
2012-05-11 15:16:30 : 06/07/11 Notified users of Minor Event involving train in tweet Sb216 left sf 4 minutes late T07:23
2012-05-11 15:16:30 : 06/07/11 Notified users of Minor Event involving train in tweet SB 322 coasted to a stop in RWC. Departed 5 mins late. T08:35
2012-05-11 15:16:30 : 06/07/11 Notified users of Minor Event involving train in tweet NB 275 departed mountain view 9 mins late T17:57
2012-05-11 15:16:30 : 06/07/11 Notified users of Minor Event involving train in tweet NB275 - left PA 10 mins late T18:06
2012-05-11 15:16:30 : 06/07/11 Notified users of Minor Event involving train in tweet Sb288 granted permission to depart Milbrae T19:46
2012-05-11 15:16:30 : 06/07/11 Notified users of Minor Event involving train in tweet SB288 left Millbrae 32 minutes late T19:47
2012-05-11 15:16:30 : 06/07/11 Notified users of Minor Event involving train in tweet Sb288 just departed millbrae 32 min late T19:47
2012-05-11 15:16:30 : 06/07/11 Notified users of Minor Event involving train in tweet Sb190 granted permission to depart San Bruno T19:48
2012-05-11 15:16:30 : 06/08/11 Notified users of Minor Event involving train in tweet Nb135 departs Belmont 10min late, & FULL of sweaty orange folks. :) day game T10:08
2012-05-11 15:16:30 : 06/08/11 Notified users of Minor Event involving train in tweet NB 266 only 5 minutes late @ Menlo, schedule mostly back on track T17:35
2012-05-11 15:16:30 : 06/08/11 Notified users of Minor Event involving train in tweet SB378 leaving Palo Alto 8 mins late. T18:20
2012-05-11 15:16:30 : 06/08/11 Notified users of Minor Event involving train in tweet SB378 leaving Sunnyvale 18 mins late. T18:39
2012-05-11 15:16:31 : 06/09/11 Notified users of Minor Event involving train in tweet SB230 dep SF 2 mins late T08:47
2012-05-11 15:16:31 : 06/09/11 Notified users of Minor Event involving train in tweet SB230 was stopped, now moving again past 7th st in SF T08:49
2012-05-11 15:16:31 : 06/09/11 Notified users of Minor Event involving train in tweet NB 261/365 now sitting Hayward Park for unknown tome & then making alll stops T17:10
2012-05-11 15:16:31 : 06/09/11 Notified users of Minor Event involving train in tweet NB 261/365 now sitting Hayward Park for unknown tome & then making alll stops T17:10
2012-05-11 15:16:31 : 06/09/11 Notified users of Minor Event involving train in tweet NB261 now pulling out of Hayward park T17:48
2012-05-11 15:16:31 : 06/09/11 Notified users of Minor Event involving train in tweet NB275 just departed menlo park T18:22
2012-05-11 15:16:31 : 06/09/11 Notified users of Minor Event involving train in tweet NB275 just left MP 23min late T18:23
2012-05-11 15:16:32 : 06/09/11 Notified users of Minor Event involving train in tweet NB267 - departing Millbrae - ~45 min late - normal speed - lights and whistles - T18:37
2012-05-11 15:16:32 : 06/09/11 Notified users of Minor Event involving train in tweet NB287 departing Tamien ~5 min (monitored from Caltrain Freight Operations radio) T18:42
2012-05-11 15:16:32 : 06/09/11 Notified users of Minor Event involving train in tweet NB275 "passed all restrictions" at BG. Still local. 30 min to SF. T18:49
2012-05-11 15:16:32 : 06/09/11 Notified users of Minor Event involving train in tweet Nb287 left MV 7 minutes late T19:07
2012-05-11 15:16:32 : 06/09/11 Notified users of Minor Event involving train in tweet SB190 actually left SF only 3 minutes late. Not bad. T19:34
2012-05-11 15:16:32 : 06/09/11 Notified users of Minor Event involving train in tweet Since nb287 doesn't normally stop at Belmont, I'm estimating the delay at around 25 minutes T19:45
2012-05-11 15:16:32 : 06/09/11 Notified users of Minor Event involving train in tweet NB 191 5 mins late to Palo Alto T20:08
2012-05-11 15:16:32 : 06/09/11 Notified users of Minor Event involving train in tweet SB190 holding in Menlo Park due to activity down south. T20:31
2012-05-11 15:16:32 : 06/09/11 Notified users of Minor Event involving train in tweet Was "police activity" on the tracks in Palo Alto. Can't people just stay off the tracks? SB190 on the move now. T20:35
2012-05-11 15:16:33 : 06/13/11 Notified users of Minor Event involving train in tweet Sb216 on the move; left SF 6 minutes late T07:25
2012-05-11 15:16:33 : 06/13/11 Notified users of Minor Event involving train in tweet SB218 cancelled due to signal issues, combo 218+220 (all local stops) left 4th&King at 7:49am. T07:50
2012-05-11 15:16:33 : 06/13/11 Notified users of Minor Event involving train in tweet SB218 cancelled due to signal issues, combo 218+220 (all local stops) left 4th&King at 7:49am. T07:50
2012-05-11 15:16:33 : 06/13/11 Notified users of Minor Event involving train in tweet SB218 cancelled due to signal issues, combo 218+220 (all local stops) left 4th&King at 7:49am. T07:50
2012-05-11 15:16:33 : 06/13/11 Notified users of Minor Event involving train in tweet NB225 5min late @ San Mateo T08:37
2012-05-11 15:16:33 : 06/13/11 Notified users of Minor Event involving train in tweet SB324 caught up with the morning problems, now crawling through hayyard park, 5 mn delays expected T08:45
2012-05-11 15:16:33 : 06/13/11 Notified users of Minor Event involving train in tweet SB324 picked up a lot of passengers at Hillsdale, now dep 9 mins late T08:49
2012-05-11 15:16:33 : 06/13/11 Notified users of Minor Event involving train in tweet SB 324 arriving PA 18 mins late T09:02
2012-05-11 15:16:33 : 06/13/11 Notified users of Minor Event involving train in tweet SB324 single tracking thru redwood city, getting even more late, roughly 20mn now. T09:03
2012-05-11 15:16:33 : 06/13/11 Notified users of Minor Event involving train in tweet Sb228 left sc 7 min late 9:14 T09:17
2012-05-11 15:16:33 : 06/13/11 Notified users of Minor Event involving train in tweet SB 230 departed san carlos 7mins late. Now crawling to RWC. T09:21
2012-05-11 15:16:33 : 06/13/11 Notified users of Minor Event involving train in tweet SB 274 6min late leaving SF. Signal problems still happening on all SF tracks. T17:27
2012-05-11 15:16:33 : 06/13/11 Notified users of Minor Event involving train in tweet SB266 left MP 9 min late T17:38
2012-05-11 15:16:33 : 06/13/11 Notified users of Minor Event involving train in tweet SB266 departed MP 9 mins late. T17:39
2012-05-11 15:16:33 : 06/13/11 Notified users of Minor Event involving train in tweet SB 378 has not left SF down 10 already T17:43
2012-05-11 15:16:33 : 06/13/11 Notified users of Minor Event involving train in tweet SB 378 rolling; down 18 T17:52
2012-05-11 15:16:33 : 06/13/11 Notified users of Minor Event involving train in tweet Conductor: Bad switch is being manually operated. SB train is being let through first, then likely NB369 after that (10 min est). T17:52
2012-05-11 15:16:33 : 06/13/11 Notified users of Minor Event involving train in tweet NB267 still holding @ Bayshore; conductor rpt 30m delay min T17:59
2012-05-11 15:16:33 : 06/13/11 Notified users of Minor Event involving train in tweet NB 267 conductor says at LEAST 30 min delay into SF. All switches are down at SF station. T18:02
2012-05-11 15:16:33 : 06/13/11 Notified users of Minor Event involving train in tweet SB 372 also departed MV 8 min late. T18:06
2012-05-11 15:16:33 : 06/13/11 Notified users of Minor Event involving train in tweet SB 270 departed MV 8 minutes late T18:07
2012-05-11 15:16:33 : 06/13/11 Notified users of Minor Event involving train in tweet NB 379 departed MV 8 minutes late. T18:10
2012-05-11 15:16:33 : 06/13/11 Notified users of Minor Event involving train in tweet NB379 arriving Palo Alto 7mn late T18:12
2012-05-11 15:16:34 : 06/13/11 Notified users of Minor Event involving train in tweet SB 280 just left SF. 25 mins delayed. T18:23
2012-05-11 15:16:34 : 06/13/11 Notified users of Minor Event involving train in tweet Announce: SB trains dep SF 10-40 min late. (NB delays into SF too). SB 378 17 down @ RWC T18:25
2012-05-11 15:16:34 : 06/13/11 Notified users of Minor Event involving train in tweet NB 379 10 minutes late out of Millbrae T18:38
2012-05-11 15:16:34 : 06/13/11 Notified users of Minor Event involving train in tweet SB 386 leaving 8min late still a BB T18:40
2012-05-11 15:16:34 : 06/13/11 Notified users of Minor Event involving train in tweet SB276 ~37 min down rolling through PA T19:11
2012-05-11 15:16:34 : 06/13/11 Notified users of Minor Event involving train in tweet SB280 departed PA about 37 minutes down T19:17
2012-05-11 15:16:34 : 06/14/11 Notified users of Minor Event involving train in tweet NB225 5min late @ San Mateo T08:37
2012-05-11 15:16:34 : 06/14/11 Notified users of Minor Event involving train in tweet SB332 4 mins late out of millbrae T09:24
2012-05-11 15:16:34 : 06/14/11 Notified users of Minor Event involving train in tweet NB271 departed SJ 20 minutes late. Departed ahead of NB373 T17:25
2012-05-11 15:16:34 : 06/14/11 Notified users of Minor Event involving train in tweet NB271 departed SJ 20 minutes late. Departed ahead of NB373 T17:25
2012-05-11 15:16:34 : 06/14/11 Notified users of Minor Event involving train in tweet 14 min late is the new "on time" (SB266) T17:43
2012-05-11 15:16:34 : 06/14/11 Notified users of Minor Event involving train in tweet 266 15 minutes late @ Menlo T17:43
2012-05-11 15:16:34 : 06/14/11 Notified users of Minor Event involving train in tweet NB372 departing MtnView 8 mins late T17:47
2012-05-11 15:16:34 : 06/14/11 Notified users of Minor Event involving train in tweet NB271 is 24min late at RWC and local to SF. NB373 will pass at Millbrae. T17:57
2012-05-11 15:16:34 : 06/14/11 Notified users of Minor Event involving train in tweet NB271 is 24min late at RWC and local to SF. NB373 will pass at Millbrae. T17:57
2012-05-11 15:16:34 : 06/14/11 Notified users of Minor Event involving train in tweet NB 379 stopped before millbrea due to unknown delays with NB 265. NB 379 running about 13mins late. T18:36
2012-05-11 15:16:34 : 06/14/11 Notified users of Minor Event involving train in tweet NB 379 stopped before millbrea due to unknown delays with NB 265. NB 379 running about 13mins late. T18:36
2012-05-11 15:16:34 : 06/15/11 Notified users of Minor Event involving train in tweet SB 332 broke 100 feet after departing SF. Being fixed, but 10 mins late so far. T09:08
2012-05-11 15:16:34 : 06/15/11 Notified users of Minor Event involving train in tweet SB 134 departed SF on time. SB 332 didn't roll out far enough to block any switches. T09:11
2012-05-11 15:16:34 : 06/15/11 Notified users of Minor Event involving train in tweet SB 134 departed SF on time. SB 332 didn't roll out far enough to block any switches. T09:11
2012-05-11 15:16:34 : 06/15/11 Notified users of Minor Event involving train in tweet SB332 MIA @ 22nd St, 7m late and counting T09:11
2012-05-11 15:16:34 : 06/15/11 Notified users of Minor Event involving train in tweet SB 332 departed 22nd Street 15mins late. Hopefully will pass SB 134 at Bayshore. T09:20
2012-05-11 15:16:34 : 06/15/11 Notified users of Minor Event involving train in tweet SB 332 departed 22nd Street 15mins late. Hopefully will pass SB 134 at Bayshore. T09:20
2012-05-11 15:16:35 : 06/15/11 Notified users of Minor Event involving train in tweet SB 332 passing SB 134 at Bayshore. SB 332 running about 15mins late. T09:25
2012-05-11 15:16:35 : 06/15/11 Notified users of Minor Event involving train in tweet SB 332 passing SB 134 at Bayshore. SB 332 running about 15mins late. T09:25
2012-05-11 15:16:35 : 06/15/11 Notified users of Minor Event involving train in tweet SB 332 passing SB 134 at Bayshore. SB 332 running about 15mins late. T09:25
2012-05-11 15:16:35 : 06/15/11 Notified users of Minor Event involving train in tweet Sb134 left sc 15 min late 10:05 T10:07
2012-05-11 15:16:35 : 06/16/11 Notified users of Minor Event involving train in tweet NB267 dep MP 9m late; AC issues on 2nd car from front FYI T17:29
2012-05-11 15:16:35 : 06/16/11 Notified users of Minor Event involving train in tweet NB369 going slow near SSF -- should be at 22st by now T17:37
2012-05-11 15:16:35 : 06/16/11 Notified users of Minor Event involving train in tweet SB 266 ten minutes late out of Menlo. Local directly behind. T17:40
2012-05-11 15:16:35 : 06/16/11 Notified users of Minor Event involving train in tweet SB274 "inching" up to SM where broken down train is T17:45
2012-05-11 15:16:35 : 06/16/11 Notified users of Minor Event involving train in tweet NB267 dep San Mateo 11m late T17:47
2012-05-11 15:16:35 : 06/16/11 Notified users of Minor Event involving train in tweet SB 270 broke down Hillsdale T17:51
2012-05-11 15:16:35 : 06/16/11 Notified users of Minor Event involving train in tweet SB274 making all stops and we are going to pick up passengers from broke down train T17:54
2012-05-11 15:16:35 : 06/16/11 Notified users of Minor Event involving train in tweet Sb274 arriving SC 15 min late. Said RC next?? Hope not T18:10
2012-05-11 15:16:35 : 06/16/11 Notified users of Minor Event involving train in tweet SB274 leaving PA 22 minutes late. Cal Ave next stop T18:24
2012-05-11 15:16:35 : 06/16/11 Notified users of Minor Event involving train in tweet SB274 going to stop at San Antonio. Leaving Cal Ave 23 min late T18:30
2012-05-11 15:16:36 : 06/17/11 Notified users of Minor Event involving train in tweet NB 369 departed MV 4mins late due to disabled passenger T17:02
2012-05-11 15:16:36 : 06/17/11 Notified users of Minor Event involving train in tweet NB 369 stopped north of Hillsdale. Moving again. 7mins late. T17:23
2012-05-11 15:16:36 : 06/17/11 Notified users of Minor Event involving train in tweet NB379 dep PA 8 minutes late, no explaination T18:15
2012-05-11 15:16:36 : 06/20/11 Notified users of Minor Event involving train in tweet NB329 passes MTV about 8 min late. NB227 no where to be seen. T08:29
2012-05-11 15:16:36 : 06/20/11 Notified users of Minor Event involving train in tweet NB329 passes MTV about 8 min late. NB227 no where to be seen. T08:29
2012-05-11 15:16:36 : 06/20/11 Notified users of Minor Event involving train in tweet NB227 running about 12 minutes late. Leaving Redwood City. T08:58
2012-05-11 15:16:36 : 06/20/11 Notified users of Minor Event involving train in tweet NB 227 was 14min late leaving Hillsdale. NB 231 is behind us. T09:08
2012-05-11 15:16:36 : 06/20/11 Notified users of Minor Event involving train in tweet NB 227 was 14min late leaving Hillsdale. NB 231 is behind us. T09:08
2012-05-11 15:16:36 : 06/20/11 Notified users of Minor Event involving train in tweet SB134 showed @ Mil early, closed it's doors early, sat for a min, & left still early. Anyone get left behind? T09:44
2012-05-11 15:16:37 : 06/20/11 Notified users of Minor Event involving train in tweet NB275 (not 175) now 14 mins late and making additional stops to cover for earlier cancelled train T17:55
2012-05-11 15:16:37 : 06/20/11 Notified users of Minor Event involving train in tweet NB275 departing 24mn late from MP T18:24
2012-05-11 15:16:37 : 06/21/11 Notified users of Minor Event involving train in tweet NB 329 10 down at SV. T13:02
2012-05-11 15:16:37 : 06/21/11 Notified users of Minor Event involving train in tweet NB 261 left PA 5 mins late. T16:21
2012-05-11 15:16:37 : 06/21/11 Notified users of Minor Event involving train in tweet Signs indicate SB266 is 10 min late T17:29
2012-05-11 15:16:37 : 06/21/11 Notified users of Minor Event involving train in tweet NB267 is 4 down at San Carlos T17:33
2012-05-11 15:16:37 : 06/21/11 Notified users of Minor Event involving train in tweet SB266 (now local) left MP 15 min late T17:43
2012-05-11 15:16:37 : 06/21/11 Notified users of Minor Event involving train in tweet SB270 running about 14 mins late, now leaving Mtn View. T18:04
2012-05-11 15:16:37 : 06/21/11 Notified users of Minor Event involving train in tweet SB266 at Santa Clara 25 min late T18:12
2012-05-11 15:16:37 : 06/21/11 Notified users of Minor Event involving train in tweet Nb285 left Lawrence 4 minutes, 37 seconds late T18:44
2012-05-11 15:16:37 : 06/22/11 Notified users of Minor Event involving train in tweet SB230 crawled thru Belmont. 3 mins late out of San Carlos T09:17
2012-05-11 15:16:38 : 06/23/11 Notified users of Minor Event involving train in tweet NB227 leaving RWC 6 minutes late. T08:52
2012-05-11 15:16:38 : 06/24/11 Notified users of Minor Event involving train in tweet SB226 5 mins late out of PA T09:07
2012-05-11 15:16:38 : 06/24/11 Notified users of Minor Event involving train in tweet Announce 271 is 24 minutes late. 373 leapfrogged ahead T17:47
2012-05-11 15:16:38 : 06/24/11 Notified users of Minor Event involving train in tweet Announce 271 is 24 minutes late. 373 leapfrogged ahead T17:47
2012-05-11 15:16:38 : 06/24/11 Notified users of Minor Event involving train in tweet NB 373 departed MV 8 min late. Crush loaded. T17:47
2012-05-11 15:16:38 : 06/24/11 Notified users of Minor Event involving train in tweet NB 275 departed MV 7 min late. NB 271 was between 373 and 275. T17:56
2012-05-11 15:16:38 : 06/24/11 Notified users of Minor Event involving train in tweet NB 275 departed MV 7 min late. NB 271 was between 373 and 275. T17:56
2012-05-11 15:16:38 : 06/24/11 Notified users of Minor Event involving train in tweet NB 275 departed MV 7 min late. NB 271 was between 373 and 275. T17:56
2012-05-11 15:16:38 : 06/24/11 Notified users of Minor Event involving train in tweet NB 275 departed MV 7 min late. NB 271 was between 373 and 275. T17:56
2012-05-11 15:16:38 : 06/24/11 Notified users of Minor Event involving train in tweet NB271 departed SC just now, aprox 35 min late. T18:10
2012-05-11 15:16:38 : 06/24/11 Notified users of Minor Event involving train in tweet NB 275 is 9 min late at San Carlos (will get worse) NB 271 was at least 30 min late out of San Carlos T18:24
2012-05-11 15:16:38 : 06/24/11 Notified users of Minor Event involving train in tweet NB 275 is 9 min late at San Carlos (will get worse) NB 271 was at least 30 min late out of San Carlos T18:24
2012-05-11 15:16:38 : 06/24/11 Notified users of Minor Event involving train in tweet NB 275 left Hillsdale 15 minutes late T18:25
2012-05-11 15:16:38 : 06/24/11 Notified users of Minor Event involving train in tweet Sign says NB 271 is 36 min late. NB 275 departed San Mateo 18 min late. T18:31
2012-05-11 15:16:38 : 06/24/11 Notified users of Minor Event involving train in tweet Sign says NB 271 is 36 min late. NB 275 departed San Mateo 18 min late. T18:31
2012-05-11 15:16:38 : 06/24/11 Notified users of Minor Event involving train in tweet NB275 now 23 minutes late at San Bruno T18:50
2012-05-11 15:16:38 : 06/24/11 Notified users of Minor Event involving train in tweet NB379 leaving millbrae 18mn late, and no ac. T18:51
2012-05-11 15:16:39 : 06/27/11 Notified users of Minor Event involving train in tweet SB312 stuck behind SB210, arriving RWC 7+min late. T07:36
2012-05-11 15:16:39 : 06/27/11 Notified users of Minor Event involving train in tweet SB312 stuck behind SB210, arriving RWC 7+min late. T07:36
2012-05-11 15:16:39 : 06/27/11 Notified users of Minor Event involving train in tweet SB312 leaving RWC 11min late. Will pass SB210 between RWC and MP. T07:43
2012-05-11 15:16:39 : 06/27/11 Notified users of Minor Event involving train in tweet SB312 leaving RWC 11min late. Will pass SB210 between RWC and MP. T07:43
2012-05-11 15:16:39 : 06/27/11 Notified users of Minor Event involving train in tweet Sb216 left San Carlos 6 minutes late T07:57
2012-05-11 15:16:39 : 06/27/11 Notified users of Minor Event involving train in tweet NB 329 left RWC 7 min late T08:38
2012-05-11 15:16:39 : 06/27/11 Notified users of Minor Event involving train in tweet NB 233 10+ minutes late @ Santa Clara and no sign of train T08:55
2012-05-11 15:16:39 : 06/27/11 Notified users of Minor Event involving train in tweet Boards say NB233 is now 16 min late. T09:05
2012-05-11 15:16:39 : 06/27/11 Notified users of Minor Event involving train in tweet NB267 is 3 min late at San Carlos T17:32
2012-05-11 15:16:39 : 06/28/11 Notified users of Minor Event involving train in tweet SB368 2 min late departing 4th and King. Crawling out. Now stopped still at platform. T18:37
2012-05-11 15:16:40 : 06/29/11 Notified users of Minor Event involving train in tweet Nb285 left Lawrence 5 minute late. T18:45
2012-05-11 15:16:40 : 06/30/11 Notified users of Minor Event involving train in tweet NB 329 left RWC 3 min late T08:34
2012-05-11 15:16:40 : 06/30/11 Notified users of Minor Event involving train in tweet Nb233 stopped at Menlo Pk, 15 min late & counting. Door problems T09:31
2012-05-11 15:16:40 : 06/30/11 Notified users of Minor Event involving train in tweet Nb233 still stopped at MenloPk. 23 min late & counting T09:37
2012-05-11 15:16:40 : 06/30/11 Notified users of Minor Event involving train in tweet NB 233 was 24 min late out if menlo because of faulty door T09:43
2012-05-11 15:16:40 : 06/30/11 Notified users of Minor Event involving train in tweet Nb233 stopped at RWC w no adequate expl except 'door probs'. 34 Min late, & counting T09:54
2012-05-11 15:16:40 : 06/30/11 Notified users of Minor Event involving train in tweet NB 233 was 35 min late out if redwood city; reason unknown but was police activity T09:56
2012-05-11 15:16:40 : 07/01/11 Notified users of Minor Event involving train in tweet SB 280 departed SF 21 min late due to mechanical probs. T18:17
2012-05-11 15:16:42 : 07/06/11 Notified users of Minor Event involving train in tweet NB 383 departed Mtn View 5 min late due to crowds T18:48
2012-05-11 15:16:42 : 07/07/11 Notified users of Minor Event involving train in tweet NB 135 departed MV 5 min late T09:35
2012-05-11 15:16:42 : 07/07/11 Notified users of Minor Event involving train in tweet NB233 9 min late at San Mateo T09:42
2012-05-11 15:16:42 : 07/07/11 Notified users of Minor Event involving train in tweet NB267 is 4 min late at San Carlos T17:34
2012-05-11 15:16:43 : 07/08/11 Notified users of Minor Event involving train in tweet Announcement: SB190 appx 30 mins late. Still at Brlngame T20:32
2012-05-11 15:16:44 : 07/12/11 Notified users of Minor Event involving train in tweet SB baby 312 late T07:19
2012-05-11 15:16:44 : 07/12/11 Notified users of Minor Event involving train in tweet NB 267 is 8 min late in San Carlos T17:38
2012-05-11 15:16:44 : 07/12/11 Notified users of Minor Event involving train in tweet NB277 7mim late dp SCar T18:37
2012-05-11 15:16:44 : 07/13/11 Notified users of Minor Event involving train in tweet NB 217 5 minutes late at PA. Again. T07:44
2012-05-11 15:16:44 : 07/13/11 Notified users of Minor Event involving train in tweet Sb216 left San Carlos 7 minutes late T07:58
2012-05-11 15:16:44 : 07/13/11 Notified users of Minor Event involving train in tweet SB220 crawling into Menlo Park, about 8 min late and getting worse T08:32
2012-05-11 15:16:44 : 07/13/11 Notified users of Minor Event involving train in tweet SB322 10 min late @mtnview T08:54
2012-05-11 15:16:44 : 07/13/11 Notified users of Minor Event involving train in tweet SB230 6 min late at redwood city T09:26
2012-05-11 15:16:45 : 07/15/11 Notified users of Minor Event involving train in tweet Nb277 left Lawrence 10 minutes late T08:23
2012-05-11 15:16:45 : 07/15/11 Notified users of Minor Event involving train in tweet Correction: nb227 left Lawrence 10 minutes late T08:25
2012-05-11 15:16:45 : 07/15/11 Notified users of Minor Event involving train in tweet NB 227 left university 10 min late T08:47
2012-05-11 15:16:45 : 07/15/11 Notified users of Minor Event involving train in tweet Nb 285 left mv early T18:47
2012-05-11 15:16:45 : 07/18/11 Notified users of Minor Event involving train in tweet SB 210 is 8 mins late at Millbrae. I'd expect delays in following 312 as well. T07:08
2012-05-11 15:16:45 : 07/18/11 Notified users of Minor Event involving train in tweet SB 210 is 8 mins late at Millbrae. I'd expect delays in following 312 as well. T07:08
2012-05-11 15:16:45 : 07/18/11 Notified users of Minor Event involving train in tweet NB225 7min late @ San Mateo T08:39
2012-05-11 15:16:46 : 07/19/11 Notified users of Minor Event involving train in tweet Train 383 just departed Lawrence as a local T19:34
2012-05-11 15:16:46 : 07/19/11 Notified users of Minor Event involving train in tweet first NB train (383 local) arriving Palo Alto now T19:53
2012-05-11 15:16:46 : 07/19/11 Notified users of Minor Event involving train in tweet Nb383 getting pretty full at Menlo. Only a few scattered seats left. T20:00
2012-05-11 15:16:46 : 07/19/11 Notified users of Minor Event involving train in tweet Nb383 taking it's sweet time leaving RWC. T20:08
2012-05-11 15:16:46 : 07/20/11 Notified users of Minor Event involving train in tweet NB 233 left burlingame 9 min late. Almost completely full. T09:47
2012-05-11 15:16:46 : 07/20/11 Notified users of Minor Event involving train in tweet NB 159 departed Hillsdale 15 minutes late T16:29
2012-05-11 15:16:47 : 07/20/11 Notified users of Minor Event involving train in tweet NB 197 sitting in Millbrae. 14mins down. No explanation given. No eta for departure. T23:46
2012-05-11 15:16:47 : 07/20/11 Notified users of Minor Event involving train in tweet NB 197 departed Millbrea 27mins late. No reason given for delay. T23:51
2012-05-11 15:16:47 : 07/21/11 Notified users of Minor Event involving train in tweet SB 332 departed sf 3 mins late T09:02
2012-05-11 15:16:47 : 07/21/11 Notified users of Minor Event involving train in tweet Per sign: SB280 11min late T18:21
2012-05-11 15:16:47 : 07/22/11 Notified users of Minor Event involving train in tweet SB146 leaving Menlo 7 mins late. T13:07
2012-05-11 15:16:47 : 07/22/11 Notified users of Minor Event involving train in tweet Southbound 264 running 4 mins late T16:22
2012-05-11 15:16:47 : 07/22/11 Notified users of Minor Event involving train in tweet Nb287 cancelled; 189 21 minutes late per signs T19:40
2012-05-11 15:16:47 : 07/22/11 Notified users of Minor Event involving train in tweet Nb287 cancelled; 189 21 minutes late per signs T19:40
2012-05-11 15:16:47 : 07/22/11 Notified users of Minor Event involving train in tweet Trains are single tracking at RWC due to broken down nb287. T19:44
2012-05-11 15:16:48 : 07/25/11 Notified users of Minor Event involving train in tweet SB 220 down 5 mins at San Carlos, thanks mainly to broken gate in Burlingame T08:19
2012-05-11 15:16:48 : 07/26/11 Notified users of Minor Event involving train in tweet SB218 - Departing 12 minutes late - 4th Street Station - T07:37
2012-05-11 15:16:48 : 07/26/11 Notified users of Minor Event involving train in tweet SB322 6m late pulling into RWC, caught up to train in front T08:36
2012-05-11 15:16:48 : 07/26/11 Notified users of Minor Event involving train in tweet 322 crawling btwn Sn Crls & RWC, having caught up to late 220 ahead. About 9 mins down. T08:36
2012-05-11 15:16:48 : 07/26/11 Notified users of Minor Event involving train in tweet 322 crawling btwn Sn Crls & RWC, having caught up to late 220 ahead. About 9 mins down. T08:36
2012-05-11 15:16:48 : 07/26/11 Notified users of Minor Event involving train in tweet SB 322 13 mins late leaving Menlo Park, behind 220 which is 18 down per sign T08:52
2012-05-11 15:16:48 : 07/26/11 Notified users of Minor Event involving train in tweet SB 322 13 mins late leaving Menlo Park, behind 220 which is 18 down per sign T08:52
2012-05-11 15:16:48 : 07/26/11 Notified users of Minor Event involving train in tweet SB260 left Millbrae 9 mins late T16:04
2012-05-11 15:16:48 : 07/27/11 Notified users of Minor Event involving train in tweet SB 314 3 minutes late out of palo alto T07:55
2012-05-11 15:16:48 : 07/27/11 Notified users of Minor Event involving train in tweet NB233 left PA 4 min late T09:16
2012-05-11 15:16:49 : 07/27/11 Notified users of Minor Event involving train in tweet Combined 383/285 nb train left mtn view 19 min late (285 sched) T19:06
2012-05-11 15:16:49 : 07/27/11 Notified users of Minor Event involving train in tweet Combined 383/285 nb train left mtn view 19 min late (285 sched) T19:06
2012-05-11 15:16:49 : 07/27/11 Notified users of Minor Event involving train in tweet Combined 383/285 nb train left mtn view 19 min late (285 sched) T19:06
2012-05-11 15:16:49 : 07/27/11 Notified users of Minor Event involving train in tweet NB285 left PA 22 mins late. Bumped 15+ bikes. T19:20
2012-05-11 15:16:49 : 07/27/11 Notified users of Minor Event involving train in tweet Combined 383/285 arriving SF 40 min late (383 sched) or 26 min late (285 sched) T20:05
2012-05-11 15:16:49 : 07/27/11 Notified users of Minor Event involving train in tweet Combined 383/285 arriving SF 40 min late (383 sched) or 26 min late (285 sched) T20:05
2012-05-11 15:16:49 : 07/27/11 Notified users of Minor Event involving train in tweet Combined 383/285 arriving SF 40 min late (383 sched) or 26 min late (285 sched) T20:05
2012-05-11 15:16:49 : 07/27/11 Notified users of Minor Event involving train in tweet Combined 383/285 arriving SF 40 min late (383 sched) or 26 min late (285 sched) T20:05
2012-05-11 15:16:49 : 07/28/11 Notified users of Minor Event involving train in tweet NB 135 departed SV 5 min late T09:30
2012-05-11 15:16:50 : 07/29/11 Notified users of Minor Event involving train in tweet NB 227 leaving RWC 16 min late. T09:01
2012-05-11 15:16:50 : 07/29/11 Notified users of Minor Event involving train in tweet Signs @ MV say SB 280 cancelled and SB 284 is now a local T18:17
2012-05-11 15:16:50 : 07/29/11 Notified users of Minor Event involving train in tweet Signs @ MV say SB 280 cancelled and SB 284 is now a local T18:17
2012-05-11 15:16:50 : 07/29/11 Notified users of Minor Event involving train in tweet SB 280 broke down at 22nd St T18:18
2012-05-11 15:16:50 : 07/29/11 Notified users of Minor Event involving train in tweet SB 382 stopped just as it left SF. It's now local train after RWC. T18:19
2012-05-11 15:16:50 : 07/29/11 Notified users of Minor Event involving train in tweet NB379 stuck before 22nd. Now single tracking to avoid 380. Delayed 15mn T18:51
2012-05-11 15:16:50 : 07/29/11 Notified users of Minor Event involving train in tweet NB383 at belmont now, will EXPRESS DIRECT TO SF 4th/King FROM HERE!!!!! T20:19
2012-05-11 15:16:50 : 08/01/11 Notified users of Minor Event involving train in tweet NB 313 moving; down 10 T06:59
2012-05-11 15:16:50 : 08/01/11 Notified users of Minor Event involving train in tweet NB319 departed PA 8 mins late T07:32
2012-05-11 15:16:51 : 08/01/11 Notified users of Minor Event involving train in tweet SB 368 just passed San Carlos, we're running about 40 min late at RWC. SB 370 (behind us) is at least 20 late at RWC. T17:38
2012-05-11 15:16:51 : 08/01/11 Notified users of Minor Event involving train in tweet NB267 5m late dep Millbrae (likely just 'usual' Giants lag so far) T17:48
2012-05-11 15:16:51 : 08/01/11 Notified users of Minor Event involving train in tweet SB 274 arrived Burlingame 10 minutes late T17:50
2012-05-11 15:16:51 : 08/01/11 Notified users of Minor Event involving train in tweet SB274 leaving Hillsdale 10 min late T17:59
2012-05-11 15:16:51 : 08/01/11 Notified users of Minor Event involving train in tweet SB274 leaving Cal Ave 9 min late T18:15
2012-05-11 15:16:51 : 08/01/11 Notified users of Minor Event involving train in tweet Nb285 left Lawrence 7 minutes late T18:46
2012-05-11 15:16:51 : 08/01/11 Notified users of Minor Event involving train in tweet NB285 6 min down at PA T18:59
2012-05-11 15:16:51 : 08/02/11 Notified users of Minor Event involving train in tweet SB 312 is 9 minutes late at Millbrae T07:26
2012-05-11 15:16:51 : 08/02/11 Notified users of Minor Event involving train in tweet SB 312 departed RWC 11 minutes late T07:41
2012-05-11 15:16:51 : 08/02/11 Notified users of Minor Event involving train in tweet SB 314 leaving Millbrae 15 mins late T07:48
2012-05-11 15:16:51 : 08/02/11 Notified users of Minor Event involving train in tweet Sb216 left San Bruno 18 minutes late T07:51
2012-05-11 15:16:51 : 08/02/11 Notified users of Minor Event involving train in tweet Confirming SB 312 is now ahead of SB 210. 210 just left MV T08:02
2012-05-11 15:16:51 : 08/02/11 Notified users of Minor Event involving train in tweet Confirming SB 312 is now ahead of SB 210. 210 just left MV T08:02
2012-05-11 15:16:51 : 08/02/11 Notified users of Minor Event involving train in tweet Confirming SB 312 is now ahead of SB 210. 210 just left MV T08:02
2012-05-11 15:16:51 : 08/02/11 Notified users of Minor Event involving train in tweet SB 218 leaving Millbrae 18 minutes late. T08:07
2012-05-11 15:16:51 : 08/02/11 Notified users of Minor Event involving train in tweet SB220 leaving MB 13 min late T08:15
2012-05-11 15:16:51 : 08/02/11 Notified users of Minor Event involving train in tweet NB324 now leaving 22nd almost ten mn late due to faulty signal and subsequent single tracking. T08:29
2012-05-11 15:16:51 : 08/02/11 Notified users of Minor Event involving train in tweet SB 324 now 15 mins late: moving v.slowly past SSF T08:34
2012-05-11 15:16:51 : 08/02/11 Notified users of Minor Event involving train in tweet sb324 now twenty no late @millbrae T08:52
2012-05-11 15:16:51 : 08/02/11 Notified users of Minor Event involving train in tweet SB324 now 20min down at Milbrae. Supposedly past signal trouble and back to regular speed. T08:53
2012-05-11 15:16:51 : 08/02/11 Notified users of Minor Event involving train in tweet SB230 12 mins late @sanmateo T09:19
2012-05-11 15:16:52 : 08/02/11 Notified users of Minor Event involving train in tweet Sb134 10 min late @ SM T09:48
2012-05-11 15:16:52 : 08/02/11 Notified users of Minor Event involving train in tweet NB 261 left PA 9 mins late due. Signal problems further south caused only some of the delay. T16:27
2012-05-11 15:16:52 : 08/02/11 Notified users of Minor Event involving train in tweet Nb285 left Lawrence 4 minutes late T18:44
2012-05-11 15:16:52 : 08/03/11 Notified users of Minor Event involving train in tweet NB 231 departed Santa Clara 6 min late T08:34
2012-05-11 15:16:52 : 08/03/11 Notified users of Minor Event involving train in tweet NB 225 cancelled, NB 227 making 225's stops. So far NB 227 is 10 min late to RWC T08:54
2012-05-11 15:16:52 : 08/03/11 Notified users of Minor Event involving train in tweet NB 225 cancelled, NB 227 making 225's stops. So far NB 227 is 10 min late to RWC T08:54
2012-05-11 15:16:52 : 08/03/11 Notified users of Minor Event involving train in tweet NB 225 cancelled, NB 227 making 225's stops. So far NB 227 is 10 min late to RWC T08:54
2012-05-11 15:16:52 : 08/03/11 Notified users of Minor Event involving train in tweet NB 225 cancelled, NB 227 making 225's stops. So far NB 227 is 10 min late to RWC T08:54
2012-05-11 15:16:52 : 08/03/11 Notified users of Minor Event involving train in tweet NB 227 now going straight to SF, no stops after holding at Cal Ave. Another NB train to pick up stranded NB 225/227 passengers T08:59
2012-05-11 15:16:52 : 08/03/11 Notified users of Minor Event involving train in tweet NB 227 now going straight to SF, no stops after holding at Cal Ave. Another NB train to pick up stranded NB 225/227 passengers T08:59
2012-05-11 15:16:52 : 08/03/11 Notified users of Minor Event involving train in tweet NB 227 now going straight to SF, no stops after holding at Cal Ave. Another NB train to pick up stranded NB 225/227 passengers T08:59
2012-05-11 15:16:52 : 08/03/11 Notified users of Minor Event involving train in tweet NB 231 running 35 minutes behind schedule. Just arriving at Hillsdale T09:32
2012-05-11 15:16:52 : 08/03/11 Notified users of Minor Event involving train in tweet NB159 delayed 13 mins according to signs. T15:40
2012-05-11 15:16:53 : 08/04/11 Notified users of Minor Event involving train in tweet SB264 dead at San Bruno: 15 minutes down so far T16:48
2012-05-11 15:16:53 : 08/04/11 Notified users of Minor Event involving train in tweet SB264 departs San Bruno 20 minutes late T16:55
2012-05-11 15:16:53 : 08/04/11 Notified users of Minor Event involving train in tweet Announcement that SB266 is 23 min late T17:34
2012-05-11 15:16:53 : 08/04/11 Notified users of Minor Event involving train in tweet SB266 left MP 10 min late T17:38
2012-05-11 15:16:53 : 08/05/11 Notified users of Minor Event involving train in tweet Announcement @ Cal Ave says SB 270 is 22 min late T17:53
2012-05-11 15:16:54 : 08/08/11 Notified users of Minor Event involving train in tweet SB210 20 min late @Millbrae, passed by 312 @Bayshore, 314 @RWC T07:24
2012-05-11 15:16:54 : 08/08/11 Notified users of Minor Event involving train in tweet SB210 20 min late @Millbrae, passed by 312 @Bayshore, 314 @RWC T07:24
2012-05-11 15:16:54 : 08/08/11 Notified users of Minor Event involving train in tweet SB210 20 min late @Millbrae, passed by 312 @Bayshore, 314 @RWC T07:24
2012-05-11 15:16:54 : 08/08/11 Notified users of Minor Event involving train in tweet SB 314 arrived Palo Alto 4 minutes late on NB track T07:55
2012-05-11 15:16:54 : 08/08/11 Notified users of Minor Event involving train in tweet NB 329 just passed NB 227 @ Lawrence, down ~6 min T08:18
2012-05-11 15:16:54 : 08/08/11 Notified users of Minor Event involving train in tweet NB 329 just passed NB 227 @ Lawrence, down ~6 min T08:18
2012-05-11 15:16:54 : 08/08/11 Notified users of Minor Event involving train in tweet SB266 left MP 3 min late T17:32
2012-05-11 15:16:54 : 08/09/11 Notified users of Minor Event involving train in tweet Sb216 left San Bruno 4 minutes late T07:38
2012-05-11 15:16:54 : 08/09/11 Notified users of Minor Event involving train in tweet SB226 4 mins late @Burlingame T08:42
2012-05-11 15:16:54 : 08/09/11 Notified users of Minor Event involving train in tweet SB 220 down about 10 mons after wheelchair lift got stuck at California Avenue. Now moving. T08:43
2012-05-11 15:16:54 : 08/09/11 Notified users of Minor Event involving train in tweet NB 261 left PA 7 mins late T16:24
2012-05-11 15:16:54 : 08/09/11 Notified users of Minor Event involving train in tweet 373 now moving, behind 275. 277 now pulling into Santa Clara late. T17:46
2012-05-11 15:16:54 : 08/09/11 Notified users of Minor Event involving train in tweet 373 now moving, behind 275. 277 now pulling into Santa Clara late. T17:46
2012-05-11 15:16:54 : 08/09/11 Notified users of Minor Event involving train in tweet 373 now moving, behind 275. 277 now pulling into Santa Clara late. T17:46
2012-05-11 15:16:54 : 08/09/11 Notified users of Minor Event involving train in tweet NB275 departing PA twenty mn late. T18:12
2012-05-11 15:16:54 : 08/09/11 Notified users of Minor Event involving train in tweet NB277 dp MP 11min late T18:31
2012-05-11 15:16:54 : 08/09/11 Notified users of Minor Event involving train in tweet SB 288 left SF ~15 min late T19:14
2012-05-11 15:16:55 : 08/10/11 Notified users of Minor Event involving train in tweet Sb216 left Sc 4 min late 7:54 T07:56
2012-05-11 15:16:55 : 08/10/11 Notified users of Minor Event involving train in tweet Nb225 will now stop at Lawrence so trains can run around (if needed) T07:59
2012-05-11 15:16:55 : 08/10/11 Notified users of Minor Event involving train in tweet SB260 10 min late @RWC T16:25
2012-05-11 15:16:55 : 08/10/11 Notified users of Minor Event involving train in tweet NB277 dep menlo 5 min late (new equipment) T18:25
2012-05-11 15:16:55 : 08/10/11 Notified users of Minor Event involving train in tweet NB 285 broke down at PA. Single tracking. WAY TO GO CALTRAIN MAINTANENCE! T19:03
2012-05-11 15:16:55 : 08/10/11 Notified users of Minor Event involving train in tweet NB285 (or a train so marked) just barreled thru cal ave 15min late. Maybe other messagers are confused? T19:10
2012-05-11 15:16:55 : 08/10/11 Notified users of Minor Event involving train in tweet Pretty sure it's nb281 that broke down at PA. T19:12
2012-05-11 15:16:55 : 08/10/11 Notified users of Minor Event involving train in tweet NB287 just arrived on the SB tracks at cal ave, only 7 min down for now. T19:14
2012-05-11 15:16:55 : 08/10/11 Notified users of Minor Event involving train in tweet SB386 just departed Menlo (~15min down) T19:24
2012-05-11 15:16:55 : 08/10/11 Notified users of Minor Event involving train in tweet Conductor on NB287: we're making scheduled stops, estimated 10min down for rest of run. T19:35
2012-05-11 15:16:56 : 08/11/11 Notified users of Minor Event involving train in tweet SB142 leaving PA 7 mins late. T12:10
2012-05-11 15:16:56 : 08/11/11 Notified users of Minor Event involving train in tweet NB267 7 min late at San Carlos T17:34
2012-05-11 15:16:56 : 08/11/11 Notified users of Minor Event involving train in tweet Whoops - NB267 overshot San Carlos, now 10 min late T17:38
2012-05-11 15:16:56 : 08/12/11 Notified users of Minor Event involving train in tweet NB147 left PA 7 minutes late T12:48
2012-05-11 15:16:57 : 08/15/11 Notified users of Minor Event involving train in tweet NB195 left Lawrence at 9:52, 12 mins late. T21:53
2012-05-11 15:16:57 : 08/16/11 Notified users of Minor Event involving train in tweet SB 314 protected San Bruno Ave; departing Millbrae 2 min late T07:34
2012-05-11 15:16:57 : 08/16/11 Notified users of Minor Event involving train in tweet SB322 left millbrae 3 mins late T08:21
2012-05-11 15:16:57 : 08/16/11 Notified users of Minor Event involving train in tweet SB226 on the move. Left Palo Alto at 9:12. T09:13
2012-05-11 15:16:57 : 08/16/11 Notified users of Minor Event involving train in tweet Sb274 24 minutes late per announcement T18:36
2012-05-11 15:16:57 : 08/16/11 Notified users of Minor Event involving train in tweet Nb285 left Lawrence 4 minutes late T18:44
2012-05-11 15:16:57 : 08/16/11 Notified users of Minor Event involving train in tweet NB383 5 min late overshot RWC. Has drunk passenger on tracks ahead. Holding. T18:56
2012-05-11 15:16:57 : 08/16/11 Notified users of Minor Event involving train in tweet NB 383 left RWC 6 minutes late T19:00
2012-05-11 15:16:58 : 08/18/11 Notified users of Minor Event involving train in tweet NB 319 still at SJD down 5 already, no announcements as per usual. T07:08
2012-05-11 15:16:58 : 08/18/11 Notified users of Minor Event involving train in tweet NB 319 underway, down 11 T07:15
2012-05-11 15:16:58 : 08/18/11 Notified users of Minor Event involving train in tweet NB, 217, 319 delayed 20-30 min at SJC (via intercom) T07:18
2012-05-11 15:16:58 : 08/18/11 Notified users of Minor Event involving train in tweet NB, 217, 319 delayed 20-30 min at SJC (via intercom) T07:18
2012-05-11 15:16:58 : 08/18/11 Notified users of Minor Event involving train in tweet That was 313 that bypassed SV; it's running regular stops but 20 min late. T07:37
2012-05-11 15:16:58 : 08/18/11 Notified users of Minor Event involving train in tweet Sb324 hasn't left yet as the late NB trains are just arriving T08:15
2012-05-11 15:16:58 : 08/18/11 Notified users of Minor Event involving train in tweet SB 324 left SF 10 mins late T08:25
2012-05-11 15:16:58 : 08/18/11 Notified users of Minor Event involving train in tweet Sb226 left before sb324. Probably will move to siding soon. T08:26
2012-05-11 15:16:58 : 08/18/11 Notified users of Minor Event involving train in tweet Sb226 left before sb324. Probably will move to siding soon. T08:26
2012-05-11 15:16:58 : 08/18/11 Notified users of Minor Event involving train in tweet San Jose control performed magic at Milbrae. Sb324 before sb226 now. T08:44
2012-05-11 15:16:58 : 08/18/11 Notified users of Minor Event involving train in tweet San Jose control performed magic at Milbrae. Sb324 before sb226 now. T08:44
2012-05-11 15:16:58 : 08/18/11 Notified users of Minor Event involving train in tweet Sb226 left Burlingame 18 minutes late T08:54
2012-05-11 15:16:58 : 08/18/11 Notified users of Minor Event involving train in tweet NB 135 departed Santa Clara 5 min late T09:21
2012-05-11 15:16:59 : 08/19/11 Notified users of Minor Event involving train in tweet Sb226 left sc 7 min late 8:57 T08:57
2012-05-11 15:16:59 : 08/19/11 Notified users of Minor Event involving train in tweet Sb386 left SF about 10 minutes late T18:43
2012-05-11 15:17:00 : 08/23/11 Notified users of Minor Event involving train in tweet Sb218 left sc 11 min late 8:18. Southernmost 2 cars are blocked T08:22
2012-05-11 15:17:00 : 08/24/11 Notified users of Minor Event involving train in tweet SB324 out of service at MB, passengers moved to SB226, which has dep MB 10min late T08:50
2012-05-11 15:17:00 : 08/24/11 Notified users of Minor Event involving train in tweet SB324 out of service at MB, passengers moved to SB226, which has dep MB 10min late T08:50
2012-05-11 15:17:00 : 08/24/11 Notified users of Minor Event involving train in tweet SB 226 left SM 14 mins late T08:57
2012-05-11 15:17:00 : 08/24/11 Notified users of Minor Event involving train in tweet Combined SB324/226 dep Hillsdale 15 or 21 mins late, depending on your train of choice T09:02
2012-05-11 15:17:00 : 08/24/11 Notified users of Minor Event involving train in tweet Combined SB324/226 dep Hillsdale 15 or 21 mins late, depending on your train of choice T09:02
2012-05-11 15:17:00 : 08/24/11 Notified users of Minor Event involving train in tweet SB228 dep San Carlos 8 mins late. T09:15
2012-05-11 15:17:00 : 08/24/11 Notified users of Minor Event involving train in tweet NB155 departed RWC 8 mins late. T14:58
2012-05-11 15:17:00 : 08/25/11 Notified users of Minor Event involving train in tweet NB 135 departed Santa Clara 6 min late T09:22
2012-05-11 15:17:00 : 08/25/11 Notified users of Minor Event involving train in tweet NB 267 pulling into San Carlos 3 min late T17:31
2012-05-11 15:17:02 : 08/30/11 Notified users of Minor Event involving train in tweet NB159 left Palo Alto 7 min late. T15:47
2012-05-11 15:17:02 : 09/01/11 Notified users of Minor Event involving train in tweet SB312 held and left 5 mun late from Milbrae T07:25
2012-05-11 15:17:02 : 09/01/11 Notified users of Minor Event involving train in tweet 267 is crawling into Sunnyvale 6 minutes late T17:05
2012-05-11 15:17:02 : 09/01/11 Notified users of Minor Event involving train in tweet NB 369 leaving PA 18 mins late - still a bullet T17:25
2012-05-11 15:17:02 : 09/01/11 Notified users of Minor Event involving train in tweet 267 is in Palo Alto at 5:31 - 15 minutes late T17:30
2012-05-11 15:17:02 : 09/01/11 Notified users of Minor Event involving train in tweet NB267 - 14 minutes late - San Carlos Station - T17:43
2012-05-11 15:17:02 : 09/01/11 Notified users of Minor Event involving train in tweet NB373 arriving MV approx 10min late. Per conductor, signal issues. Making regular bullet stops. T17:47
2012-05-11 15:17:03 : 09/01/11 Notified users of Minor Event involving train in tweet NB373 arriving Menlo Park 16 min late. Conductor says should run at full speed from here. T18:02
2012-05-11 15:17:03 : 09/01/11 Notified users of Minor Event involving train in tweet NB373 leaving MP T18:04
2012-05-11 15:17:03 : 09/01/11 Notified users of Minor Event involving train in tweet Per announcement, NB275 is 13 mins late; has yet to arrive at MP. T18:06
2012-05-11 15:17:03 : 09/01/11 Notified users of Minor Event involving train in tweet NB275 leaving mp 15 mn late T18:12
2012-05-11 15:17:03 : 09/01/11 Notified users of Minor Event involving train in tweet NB277 left cal ave 8min down T18:19
2012-05-11 15:17:03 : 09/01/11 Notified users of Minor Event involving train in tweet Sb 288 departing RWC 12 min late T19:40
2012-05-11 15:17:03 : 09/02/11 Notified users of Minor Event involving train in tweet nb151 departed San Antonio 18min late T13:57
2012-05-11 15:17:04 : 09/06/11 Notified users of Minor Event involving train in tweet SB 314 equipment change, now expected to board track 8 in SF. T07:06
2012-05-11 15:17:04 : 09/06/11 Notified users of Minor Event involving train in tweet NB277 6 min late out of menlo T18:26
2012-05-11 15:17:04 : 09/06/11 Notified users of Minor Event involving train in tweet Broken xing at Atherton. Slow both directions. NB277, 6 min down. T18:33
2012-05-11 15:17:04 : 09/07/11 Notified users of Minor Event involving train in tweet SB312 reduced speed btwn Milbr & RWC; at least 7m late RWC T07:37
2012-05-11 15:17:04 : 09/07/11 Notified users of Minor Event involving train in tweet SB312 10m late dep RWC T07:43
2012-05-11 15:17:04 : 09/07/11 Notified users of Minor Event involving train in tweet NB319 just sitting at San Mateo. 5+ minutes now. No explanation #Caltrain T07:47
2012-05-11 15:17:04 : 09/07/11 Notified users of Minor Event involving train in tweet NB319 moving again. 13 mins down. T07:52
2012-05-11 15:17:04 : 09/07/11 Notified users of Minor Event involving train in tweet NB277 moving again with no info about mech problem, 8 min down T18:22
2012-05-11 15:17:04 : 09/07/11 Notified users of Minor Event involving train in tweet Nb285 left MV 3 minutes late. T18:49
2012-05-11 15:17:04 : 09/07/11 Notified users of Minor Event involving train in tweet NB383 left Millbrae 3 mins late T19:08
2012-05-11 15:17:05 : 09/08/11 Notified users of Minor Event involving train in tweet SB138 10 mins late @ RWC T11:07
2012-05-11 15:17:06 : 09/12/11 Notified users of Minor Event involving train in tweet SB142 9 mins late @ RWC T12:05
2012-05-11 15:18:49 : 06/01/11 Notified users of Minor Event involving train in tweet 329 depart San Jose 14 minutes late T08:17
2012-05-11 15:18:49 : 06/01/11 Notified users of Minor Event involving train in tweet NB261 4 minutes late into Mountain View T16:07
2012-05-11 15:18:49 : 06/01/11 Notified users of CRITICAL EVENT Overheard on train radio: Suicide @ SA T18:55
2012-05-11 15:18:49 : 06/01/11 Identified redundant CRITICAL EVENT Nb285 fatality. Confirmed via radio. T18:55
2012-05-11 15:18:49 : 06/01/11 Identified redundant CRITICAL EVENT SB 382 just hit someone. Going to be stopped for a while. T18:56
2012-05-11 15:18:49 : 06/01/11 Identified redundant CRITICAL EVENT SB Caltrain conductor: we just hit somebody just south of MTV T18:57
2012-05-11 15:18:49 : 06/01/11 Identified redundant CRITICAL EVENT Sorry, somewhat graphic: part of whatever from sb382 hit nb285. Shut down in both directions. T19:05
2012-05-11 15:18:49 : 06/01/11 Notified users of Minor Event involving train in tweet Sorry, somewhat graphic: part of whatever from sb382 hit nb285. Shut down in both directions. T19:05
2012-05-11 15:18:49 : 06/01/11 Notified users of Minor Event involving train in tweet Sorry, somewhat graphic: part of whatever from sb382 hit nb285. Shut down in both directions. T19:05
2012-05-11 15:18:49 : 06/01/11 Notified users of Minor Event involving train in tweet Now SB382 has a passenger requiring medical aid. "Is there a doctor on board?" message on PA system. T19:36
2012-05-11 15:18:49 : 06/01/11 Notified users of Minor Event involving train in tweet SB190 Still in SF - just announced 2 hour delay T19:40
2012-05-11 15:18:49 : 06/01/11 Notified users of Minor Event involving train in tweet Conductor says they are looking for a rescue train for stopped SB382 train. ETA 45 minutes. T19:47
2012-05-11 15:18:50 : 06/01/11 Notified users of Minor Event involving train in tweet SB 288 still sitting at RWC. 65 min late & counting T20:35
2012-05-11 15:18:50 : 06/01/11 Notified users of Minor Event involving train in tweet Sb382 on the move south. Out of service, I believe. Both tracks should be open now. T20:37
2012-05-11 15:18:50 : 06/01/11 Notified users of Minor Event involving train in tweet New SB382 (aka rescue) is now at Mountain View station. Don't forget to tag off. T20:42
2012-05-11 15:18:50 : 06/01/11 Notified users of Minor Event involving train in tweet Sb288 arriving now at PA. Expect another hold at Cal Av. T20:53
2012-05-11 15:18:50 : 06/01/11 Notified users of Minor Event involving train in tweet Correction sb288 now arriving at Menlo Park. Still expecting to hold at Cal Av T20:55
2012-05-11 15:18:50 : 06/02/11 Notified users of Minor Event involving train in tweet Sb314 delayed. Sb216 leaving on schedule, so far making ONLY it's stops T07:14
2012-05-11 15:18:50 : 06/02/11 Notified users of Minor Event involving train in tweet Sb314 delayed. Sb216 leaving on schedule, so far making ONLY it's stops T07:14
2012-05-11 15:18:50 : 06/02/11 Notified users of Minor Event involving train in tweet Some chatter about sb216 going into siding once they get sb314 to leave SF. Sb216 left first T07:22
2012-05-11 15:18:50 : 06/02/11 Notified users of Minor Event involving train in tweet Some chatter about sb216 going into siding once they get sb314 to leave SF. Sb216 left first T07:22
2012-05-11 15:18:50 : 06/02/11 Notified users of Minor Event involving train in tweet Some chatter about sb216 going into siding once they get sb314 to leave SF. Sb216 left first T07:22
2012-05-11 15:18:50 : 06/02/11 Notified users of Minor Event involving train in tweet SB 314 leaving 22nd 9 minutes late T07:29
2012-05-11 15:18:50 : 06/02/11 Notified users of Minor Event involving train in tweet SB322 arriving Millbrae 3 min late T08:22
2012-05-11 15:18:50 : 06/02/11 Notified users of Minor Event involving train in tweet NB 135 departed MV 9 minutes late T09:38
2012-05-11 15:18:50 : 06/02/11 Notified users of Minor Event involving train in tweet Nb135 departing millbrae 23 min late. Police escorted fare evader off. T10:36
2012-05-11 15:18:50 : 06/03/11 Notified users of Minor Event involving train in tweet SB332 arrived mtn view on time but unable to open doors for 3 mins T09:48
2012-05-11 15:18:51 : 06/06/11 Notified users of Minor Event involving train in tweet SB312 running late due to "two trains ahead of us". 5+ late into RWC. T07:34
2012-05-11 15:18:51 : 06/06/11 Notified users of Minor Event involving train in tweet SB 314 was also protecting San Bruno. 2 minutes late out of Millbrae. T07:38
2012-05-11 15:18:51 : 06/06/11 Notified users of Minor Event involving train in tweet Sb216 left San Bruno 6 minutes late T07:39
2012-05-11 15:18:51 : 06/06/11 Notified users of Minor Event involving train in tweet SB312 passed SB210 (?) on siding between RWC and MP. Approx 6 min down. T07:41
2012-05-11 15:18:51 : 06/06/11 Notified users of Minor Event involving train in tweet SB312 passed SB210 (?) on siding between RWC and MP. Approx 6 min down. T07:41
2012-05-11 15:18:51 : 06/06/11 Notified users of Minor Event involving train in tweet SB 314 was very slow between Atherton and PA. Now 5 minutes down. T07:56
2012-05-11 15:18:51 : 06/06/11 Notified users of Minor Event involving train in tweet NB225 leaving MTV 6 minutes late. T08:13
2012-05-11 15:18:51 : 06/06/11 Notified users of Minor Event involving train in tweet NB329 left Sunnyvale 5 minutes late T08:20
2012-05-11 15:18:51 : 06/06/11 Notified users of Minor Event involving train in tweet SB322 5 mins late leaving millbrae T08:22
2012-05-11 15:18:51 : 06/06/11 Notified users of Minor Event involving train in tweet nb233 15 minutes late leaving SV T09:12
2012-05-11 15:18:52 : 06/06/11 Notified users of Minor Event involving train in tweet NB 193 departed mountain view 5 mins late T20:53
2012-05-11 15:18:52 : 06/07/11 Notified users of Minor Event involving train in tweet Sb216 left sf 4 minutes late T07:23
2012-05-11 15:18:52 : 06/07/11 Notified users of Minor Event involving train in tweet SB 322 coasted to a stop in RWC. Departed 5 mins late. T08:35
2012-05-11 15:18:52 : 06/07/11 Notified users of Minor Event involving train in tweet NB 275 departed mountain view 9 mins late T17:57
2012-05-11 15:18:52 : 06/07/11 Notified users of Minor Event involving train in tweet NB275 - left PA 10 mins late T18:06
2012-05-11 15:18:52 : 06/07/11 Notified users of Minor Event involving train in tweet Sb288 granted permission to depart Milbrae T19:46
2012-05-11 15:18:52 : 06/07/11 Notified users of Minor Event involving train in tweet SB288 left Millbrae 32 minutes late T19:47
2012-05-11 15:18:52 : 06/07/11 Notified users of Minor Event involving train in tweet Sb288 just departed millbrae 32 min late T19:47
2012-05-11 15:18:52 : 06/07/11 Notified users of Minor Event involving train in tweet Sb190 granted permission to depart San Bruno T19:48
2012-05-11 15:18:52 : 06/08/11 Notified users of Minor Event involving train in tweet Nb135 departs Belmont 10min late, & FULL of sweaty orange folks. :) day game T10:08
2012-05-11 15:18:53 : 06/08/11 Notified users of CRITICAL EVENT Speed restriction in effect, 30mph at incident site. Earlier today a fatality occurred at Burlingame. T15:36
2012-05-11 15:18:53 : 06/08/11 Notified users of Minor Event involving train in tweet NB 266 only 5 minutes late @ Menlo, schedule mostly back on track T17:35
2012-05-11 15:18:53 : 06/08/11 Notified users of Minor Event involving train in tweet SB378 leaving Palo Alto 8 mins late. T18:20
2012-05-11 15:18:53 : 06/08/11 Notified users of Minor Event involving train in tweet SB378 leaving Sunnyvale 18 mins late. T18:39
2012-05-11 15:18:53 : 06/09/11 Notified users of Minor Event involving train in tweet SB230 dep SF 2 mins late T08:47
2012-05-11 15:18:53 : 06/09/11 Notified users of Minor Event involving train in tweet SB230 was stopped, now moving again past 7th st in SF T08:49
2012-05-11 15:18:53 : 06/09/11 Notified users of CRITICAL EVENT NB261 conductors announce fatality ahead near San Mateo T16:48
2012-05-11 15:18:53 : 06/09/11 Notified users of Minor Event involving train in tweet NB 261/365 now sitting Hayward Park for unknown tome & then making alll stops T17:10
2012-05-11 15:18:53 : 06/09/11 Notified users of Minor Event involving train in tweet NB 261/365 now sitting Hayward Park for unknown tome & then making alll stops T17:10
2012-05-11 15:18:53 : 06/09/11 Notified users of Minor Event involving train in tweet NB261 now pulling out of Hayward park T17:48
2012-05-11 15:18:54 : 06/09/11 Notified users of Minor Event involving train in tweet NB275 just departed menlo park T18:22
2012-05-11 15:18:54 : 06/09/11 Notified users of Minor Event involving train in tweet NB275 just left MP 23min late T18:23
2012-05-11 15:18:54 : 06/09/11 Notified users of Minor Event involving train in tweet NB267 - departing Millbrae - ~45 min late - normal speed - lights and whistles - T18:37
2012-05-11 15:18:54 : 06/09/11 Notified users of Minor Event involving train in tweet NB287 departing Tamien ~5 min (monitored from Caltrain Freight Operations radio) T18:42
2012-05-11 15:18:54 : 06/09/11 Notified users of Minor Event involving train in tweet NB275 "passed all restrictions" at BG. Still local. 30 min to SF. T18:49
2012-05-11 15:18:54 : 06/09/11 Notified users of Minor Event involving train in tweet Nb287 left MV 7 minutes late T19:07
2012-05-11 15:18:54 : 06/09/11 Notified users of Minor Event involving train in tweet SB190 actually left SF only 3 minutes late. Not bad. T19:34
2012-05-11 15:18:54 : 06/09/11 Notified users of Minor Event involving train in tweet Since nb287 doesn't normally stop at Belmont, I'm estimating the delay at around 25 minutes T19:45
2012-05-11 15:18:54 : 06/09/11 Notified users of Minor Event involving train in tweet NB 191 5 mins late to Palo Alto T20:08
2012-05-11 15:18:54 : 06/09/11 Notified users of Minor Event involving train in tweet SB190 holding in Menlo Park due to activity down south. T20:31
2012-05-11 15:18:54 : 06/09/11 Notified users of Minor Event involving train in tweet Was "police activity" on the tracks in Palo Alto. Can't people just stay off the tracks? SB190 on the move now. T20:35
2012-05-11 15:18:55 : 06/13/11 Notified users of Minor Event involving train in tweet Sb216 on the move; left SF 6 minutes late T07:25
2012-05-11 15:18:55 : 06/13/11 Notified users of Minor Event involving train in tweet SB218 cancelled due to signal issues, combo 218+220 (all local stops) left 4th&King at 7:49am. T07:50
2012-05-11 15:18:55 : 06/13/11 Notified users of Minor Event involving train in tweet SB218 cancelled due to signal issues, combo 218+220 (all local stops) left 4th&King at 7:49am. T07:50
2012-05-11 15:18:55 : 06/13/11 Notified users of Minor Event involving train in tweet SB218 cancelled due to signal issues, combo 218+220 (all local stops) left 4th&King at 7:49am. T07:50
2012-05-11 15:18:55 : 06/13/11 Notified users of Minor Event involving train in tweet NB225 5min late @ San Mateo T08:37
2012-05-11 15:18:55 : 06/13/11 Notified users of Minor Event involving train in tweet SB324 caught up with the morning problems, now crawling through hayyard park, 5 mn delays expected T08:45
2012-05-11 15:18:55 : 06/13/11 Notified users of Minor Event involving train in tweet SB324 picked up a lot of passengers at Hillsdale, now dep 9 mins late T08:49
2012-05-11 15:18:56 : 06/13/11 Notified users of Minor Event involving train in tweet SB 324 arriving PA 18 mins late T09:02
2012-05-11 15:18:56 : 06/13/11 Notified users of Minor Event involving train in tweet SB324 single tracking thru redwood city, getting even more late, roughly 20mn now. T09:03
2012-05-11 15:18:56 : 06/13/11 Notified users of Minor Event involving train in tweet Sb228 left sc 7 min late 9:14 T09:17
2012-05-11 15:18:56 : 06/13/11 Notified users of Minor Event involving train in tweet SB 230 departed san carlos 7mins late. Now crawling to RWC. T09:21
2012-05-11 15:18:56 : 06/13/11 Notified users of Minor Event involving train in tweet SB 274 6min late leaving SF. Signal problems still happening on all SF tracks. T17:27
2012-05-11 15:18:56 : 06/13/11 Notified users of Minor Event involving train in tweet SB266 left MP 9 min late T17:38
2012-05-11 15:18:56 : 06/13/11 Notified users of Minor Event involving train in tweet SB266 departed MP 9 mins late. T17:39
2012-05-11 15:18:56 : 06/13/11 Notified users of Minor Event involving train in tweet SB 378 has not left SF down 10 already T17:43
2012-05-11 15:18:56 : 06/13/11 Notified users of Minor Event involving train in tweet SB 378 rolling; down 18 T17:52
2012-05-11 15:18:56 : 06/13/11 Notified users of Minor Event involving train in tweet Conductor: Bad switch is being manually operated. SB train is being let through first, then likely NB369 after that (10 min est). T17:52
2012-05-11 15:18:56 : 06/13/11 Notified users of Minor Event involving train in tweet NB267 still holding @ Bayshore; conductor rpt 30m delay min T17:59
2012-05-11 15:18:56 : 06/13/11 Notified users of Minor Event involving train in tweet NB 267 conductor says at LEAST 30 min delay into SF. All switches are down at SF station. T18:02
2012-05-11 15:18:56 : 06/13/11 Notified users of Minor Event involving train in tweet SB 372 also departed MV 8 min late. T18:06
2012-05-11 15:18:56 : 06/13/11 Notified users of Minor Event involving train in tweet SB 270 departed MV 8 minutes late T18:07
2012-05-11 15:18:56 : 06/13/11 Notified users of Minor Event involving train in tweet NB 379 departed MV 8 minutes late. T18:10
2012-05-11 15:18:56 : 06/13/11 Notified users of Minor Event involving train in tweet NB379 arriving Palo Alto 7mn late T18:12
2012-05-11 15:18:56 : 06/13/11 Notified users of Minor Event involving train in tweet SB 280 just left SF. 25 mins delayed. T18:23
2012-05-11 15:18:56 : 06/13/11 Notified users of Minor Event involving train in tweet Announce: SB trains dep SF 10-40 min late. (NB delays into SF too). SB 378 17 down @ RWC T18:25
2012-05-11 15:18:56 : 06/13/11 Notified users of Minor Event involving train in tweet NB 379 10 minutes late out of Millbrae T18:38
2012-05-11 15:18:56 : 06/13/11 Notified users of Minor Event involving train in tweet SB 386 leaving 8min late still a BB T18:40
2012-05-11 15:18:56 : 06/13/11 Notified users of Minor Event involving train in tweet SB276 ~37 min down rolling through PA T19:11
2012-05-11 15:18:56 : 06/13/11 Notified users of Minor Event involving train in tweet SB280 departed PA about 37 minutes down T19:17
2012-05-11 15:18:57 : 06/14/11 Notified users of Minor Event involving train in tweet NB225 5min late @ San Mateo T08:37
2012-05-11 15:18:57 : 06/14/11 Notified users of Minor Event involving train in tweet SB332 4 mins late out of millbrae T09:24
2012-05-11 15:18:57 : 06/14/11 Notified users of Minor Event involving train in tweet NB271 departed SJ 20 minutes late. Departed ahead of NB373 T17:25
2012-05-11 15:18:57 : 06/14/11 Notified users of Minor Event involving train in tweet NB271 departed SJ 20 minutes late. Departed ahead of NB373 T17:25
2012-05-11 15:18:57 : 06/14/11 Notified users of Minor Event involving train in tweet 14 min late is the new "on time" (SB266) T17:43
2012-05-11 15:18:57 : 06/14/11 Notified users of Minor Event involving train in tweet 266 15 minutes late @ Menlo T17:43
2012-05-11 15:18:57 : 06/14/11 Notified users of Minor Event involving train in tweet NB372 departing MtnView 8 mins late T17:47
2012-05-11 15:18:57 : 06/14/11 Notified users of Minor Event involving train in tweet NB271 is 24min late at RWC and local to SF. NB373 will pass at Millbrae. T17:57
2012-05-11 15:18:57 : 06/14/11 Notified users of Minor Event involving train in tweet NB271 is 24min late at RWC and local to SF. NB373 will pass at Millbrae. T17:57
2012-05-11 15:18:57 : 06/14/11 Notified users of Minor Event involving train in tweet NB 379 stopped before millbrea due to unknown delays with NB 265. NB 379 running about 13mins late. T18:36
2012-05-11 15:18:57 : 06/14/11 Notified users of Minor Event involving train in tweet NB 379 stopped before millbrea due to unknown delays with NB 265. NB 379 running about 13mins late. T18:36
2012-05-11 15:18:57 : 06/15/11 Notified users of Minor Event involving train in tweet SB 332 broke 100 feet after departing SF. Being fixed, but 10 mins late so far. T09:08
2012-05-11 15:18:57 : 06/15/11 Notified users of Minor Event involving train in tweet SB 134 departed SF on time. SB 332 didn't roll out far enough to block any switches. T09:11
2012-05-11 15:18:57 : 06/15/11 Notified users of Minor Event involving train in tweet SB 134 departed SF on time. SB 332 didn't roll out far enough to block any switches. T09:11
2012-05-11 15:18:57 : 06/15/11 Notified users of Minor Event involving train in tweet SB332 MIA @ 22nd St, 7m late and counting T09:11
2012-05-11 15:18:57 : 06/15/11 Notified users of Minor Event involving train in tweet SB 332 departed 22nd Street 15mins late. Hopefully will pass SB 134 at Bayshore. T09:20
2012-05-11 15:18:57 : 06/15/11 Notified users of Minor Event involving train in tweet SB 332 departed 22nd Street 15mins late. Hopefully will pass SB 134 at Bayshore. T09:20
2012-05-11 15:18:57 : 06/15/11 Notified users of Minor Event involving train in tweet SB 332 passing SB 134 at Bayshore. SB 332 running about 15mins late. T09:25
2012-05-11 15:18:57 : 06/15/11 Notified users of Minor Event involving train in tweet SB 332 passing SB 134 at Bayshore. SB 332 running about 15mins late. T09:25
2012-05-11 15:18:57 : 06/15/11 Notified users of Minor Event involving train in tweet SB 332 passing SB 134 at Bayshore. SB 332 running about 15mins late. T09:25
2012-05-11 15:18:57 : 06/15/11 Notified users of Minor Event involving train in tweet Sb134 left sc 15 min late 10:05 T10:07
2012-05-11 15:18:58 : 06/16/11 Notified users of Minor Event involving train in tweet NB267 dep MP 9m late; AC issues on 2nd car from front FYI T17:29
2012-05-11 15:18:58 : 06/16/11 Notified users of Minor Event involving train in tweet NB369 going slow near SSF -- should be at 22st by now T17:37
2012-05-11 15:18:58 : 06/16/11 Notified users of Minor Event involving train in tweet SB 266 ten minutes late out of Menlo. Local directly behind. T17:40
2012-05-11 15:18:58 : 06/16/11 Notified users of Minor Event involving train in tweet SB274 "inching" up to SM where broken down train is T17:45
2012-05-11 15:18:58 : 06/16/11 Notified users of Minor Event involving train in tweet NB267 dep San Mateo 11m late T17:47
2012-05-11 15:18:58 : 06/16/11 Notified users of Minor Event involving train in tweet SB 270 broke down Hillsdale T17:51
2012-05-11 15:18:58 : 06/16/11 Notified users of Minor Event involving train in tweet SB274 making all stops and we are going to pick up passengers from broke down train T17:54
2012-05-11 15:18:58 : 06/16/11 Notified users of Minor Event involving train in tweet Sb274 arriving SC 15 min late. Said RC next?? Hope not T18:10
2012-05-11 15:18:58 : 06/16/11 Notified users of Minor Event involving train in tweet SB274 leaving PA 22 minutes late. Cal Ave next stop T18:24
2012-05-11 15:18:58 : 06/16/11 Notified users of Minor Event involving train in tweet SB274 going to stop at San Antonio. Leaving Cal Ave 23 min late T18:30
2012-05-11 15:18:58 : 06/17/11 Notified users of Minor Event involving train in tweet NB 369 departed MV 4mins late due to disabled passenger T17:02
2012-05-11 15:18:59 : 06/17/11 Notified users of Minor Event involving train in tweet NB 369 stopped north of Hillsdale. Moving again. 7mins late. T17:23
2012-05-11 15:18:59 : 06/17/11 Notified users of Minor Event involving train in tweet NB379 dep PA 8 minutes late, no explaination T18:15
2012-05-11 15:18:59 : 06/20/11 Notified users of Minor Event involving train in tweet NB329 passes MTV about 8 min late. NB227 no where to be seen. T08:29
2012-05-11 15:18:59 : 06/20/11 Notified users of Minor Event involving train in tweet NB329 passes MTV about 8 min late. NB227 no where to be seen. T08:29
2012-05-11 15:18:59 : 06/20/11 Notified users of Minor Event involving train in tweet NB227 running about 12 minutes late. Leaving Redwood City. T08:58
2012-05-11 15:18:59 : 06/20/11 Notified users of Minor Event involving train in tweet NB 227 was 14min late leaving Hillsdale. NB 231 is behind us. T09:08
2012-05-11 15:18:59 : 06/20/11 Notified users of Minor Event involving train in tweet NB 227 was 14min late leaving Hillsdale. NB 231 is behind us. T09:08
2012-05-11 15:18:59 : 06/20/11 Notified users of Minor Event involving train in tweet SB134 showed @ Mil early, closed it's doors early, sat for a min, & left still early. Anyone get left behind? T09:44
2012-05-11 15:19:00 : 06/20/11 Notified users of Minor Event involving train in tweet NB275 (not 175) now 14 mins late and making additional stops to cover for earlier cancelled train T17:55
2012-05-11 15:19:00 : 06/20/11 Notified users of Minor Event involving train in tweet NB275 departing 24mn late from MP T18:24
2012-05-11 15:19:00 : 06/21/11 Notified users of Minor Event involving train in tweet NB 329 10 down at SV. T13:02
2012-05-11 15:19:00 : 06/21/11 Notified users of Minor Event involving train in tweet NB 261 left PA 5 mins late. T16:21
2012-05-11 15:19:00 : 06/21/11 Notified users of Minor Event involving train in tweet Signs indicate SB266 is 10 min late T17:29
2012-05-11 15:19:00 : 06/21/11 Notified users of Minor Event involving train in tweet NB267 is 4 down at San Carlos T17:33
2012-05-11 15:19:00 : 06/21/11 Notified users of Minor Event involving train in tweet SB266 (now local) left MP 15 min late T17:43
2012-05-11 15:19:00 : 06/21/11 Notified users of Minor Event involving train in tweet SB270 running about 14 mins late, now leaving Mtn View. T18:04
2012-05-11 15:19:00 : 06/21/11 Notified users of Minor Event involving train in tweet SB266 at Santa Clara 25 min late T18:12
2012-05-11 15:19:00 : 06/21/11 Notified users of Minor Event involving train in tweet Nb285 left Lawrence 4 minutes, 37 seconds late T18:44
2012-05-11 15:19:00 : 06/22/11 Notified users of Minor Event involving train in tweet SB230 crawled thru Belmont. 3 mins late out of San Carlos T09:17
2012-05-11 15:19:00 : 06/23/11 Notified users of Minor Event involving train in tweet NB227 leaving RWC 6 minutes late. T08:52
2012-05-11 15:19:01 : 06/24/11 Notified users of Minor Event involving train in tweet SB226 5 mins late out of PA T09:07
2012-05-11 15:19:01 : 06/24/11 Notified users of Minor Event involving train in tweet Announce 271 is 24 minutes late. 373 leapfrogged ahead T17:47
2012-05-11 15:19:01 : 06/24/11 Notified users of Minor Event involving train in tweet Announce 271 is 24 minutes late. 373 leapfrogged ahead T17:47
2012-05-11 15:19:01 : 06/24/11 Notified users of Minor Event involving train in tweet NB 373 departed MV 8 min late. Crush loaded. T17:47
2012-05-11 15:19:01 : 06/24/11 Notified users of Minor Event involving train in tweet NB 275 departed MV 7 min late. NB 271 was between 373 and 275. T17:56
2012-05-11 15:19:01 : 06/24/11 Notified users of Minor Event involving train in tweet NB 275 departed MV 7 min late. NB 271 was between 373 and 275. T17:56
2012-05-11 15:19:01 : 06/24/11 Notified users of Minor Event involving train in tweet NB 275 departed MV 7 min late. NB 271 was between 373 and 275. T17:56
2012-05-11 15:19:01 : 06/24/11 Notified users of Minor Event involving train in tweet NB 275 departed MV 7 min late. NB 271 was between 373 and 275. T17:56
2012-05-11 15:19:01 : 06/24/11 Notified users of Minor Event involving train in tweet NB271 departed SC just now, aprox 35 min late. T18:10
2012-05-11 15:19:01 : 06/24/11 Notified users of Minor Event involving train in tweet NB 275 is 9 min late at San Carlos (will get worse) NB 271 was at least 30 min late out of San Carlos T18:24
2012-05-11 15:19:01 : 06/24/11 Notified users of Minor Event involving train in tweet NB 275 is 9 min late at San Carlos (will get worse) NB 271 was at least 30 min late out of San Carlos T18:24
2012-05-11 15:19:01 : 06/24/11 Notified users of Minor Event involving train in tweet NB 275 left Hillsdale 15 minutes late T18:25
2012-05-11 15:19:01 : 06/24/11 Notified users of Minor Event involving train in tweet Sign says NB 271 is 36 min late. NB 275 departed San Mateo 18 min late. T18:31
2012-05-11 15:19:01 : 06/24/11 Notified users of Minor Event involving train in tweet Sign says NB 271 is 36 min late. NB 275 departed San Mateo 18 min late. T18:31
2012-05-11 15:19:01 : 06/24/11 Notified users of Minor Event involving train in tweet NB275 now 23 minutes late at San Bruno T18:50
2012-05-11 15:19:01 : 06/24/11 Notified users of Minor Event involving train in tweet NB379 leaving millbrae 18mn late, and no ac. T18:51
2012-05-11 15:19:02 : 06/27/11 Notified users of Minor Event involving train in tweet SB312 stuck behind SB210, arriving RWC 7+min late. T07:36
2012-05-11 15:19:02 : 06/27/11 Notified users of Minor Event involving train in tweet SB312 stuck behind SB210, arriving RWC 7+min late. T07:36
2012-05-11 15:19:02 : 06/27/11 Notified users of Minor Event involving train in tweet SB312 leaving RWC 11min late. Will pass SB210 between RWC and MP. T07:43
2012-05-11 15:19:02 : 06/27/11 Notified users of Minor Event involving train in tweet SB312 leaving RWC 11min late. Will pass SB210 between RWC and MP. T07:43
2012-05-11 15:19:02 : 06/27/11 Notified users of Minor Event involving train in tweet Sb216 left San Carlos 6 minutes late T07:57
2012-05-11 15:19:02 : 06/27/11 Notified users of Minor Event involving train in tweet NB 329 left RWC 7 min late T08:38
2012-05-11 15:19:02 : 06/27/11 Notified users of Minor Event involving train in tweet NB 233 10+ minutes late @ Santa Clara and no sign of train T08:55
2012-05-11 15:19:02 : 06/27/11 Notified users of Minor Event involving train in tweet Boards say NB233 is now 16 min late. T09:05
2012-05-11 15:19:02 : 06/27/11 Notified users of Minor Event involving train in tweet NB267 is 3 min late at San Carlos T17:32
2012-05-11 15:19:03 : 06/28/11 Notified users of Minor Event involving train in tweet SB368 2 min late departing 4th and King. Crawling out. Now stopped still at platform. T18:37
2012-05-11 15:19:03 : 06/29/11 Notified users of Minor Event involving train in tweet Nb285 left Lawrence 5 minute late. T18:45
2012-05-11 15:19:03 : 06/30/11 Notified users of Minor Event involving train in tweet NB 329 left RWC 3 min late T08:34
2012-05-11 15:19:03 : 06/30/11 Notified users of Minor Event involving train in tweet Nb233 stopped at Menlo Pk, 15 min late & counting. Door problems T09:31
2012-05-11 15:19:03 : 06/30/11 Notified users of Minor Event involving train in tweet Nb233 still stopped at MenloPk. 23 min late & counting T09:37
2012-05-11 15:19:03 : 06/30/11 Notified users of Minor Event involving train in tweet NB 233 was 24 min late out if menlo because of faulty door T09:43
2012-05-11 15:19:03 : 06/30/11 Notified users of Minor Event involving train in tweet Nb233 stopped at RWC w no adequate expl except 'door probs'. 34 Min late, & counting T09:54
2012-05-11 15:19:03 : 06/30/11 Notified users of Minor Event involving train in tweet NB 233 was 35 min late out if redwood city; reason unknown but was police activity T09:56
2012-05-11 15:19:04 : 07/01/11 Notified users of Minor Event involving train in tweet SB 280 departed SF 21 min late due to mechanical probs. T18:17
2012-05-11 15:19:05 : 07/06/11 Notified users of Minor Event involving train in tweet NB 383 departed Mtn View 5 min late due to crowds T18:48
2012-05-11 15:19:05 : 07/07/11 Notified users of Minor Event involving train in tweet NB 135 departed MV 5 min late T09:35
2012-05-11 15:19:05 : 07/07/11 Notified users of Minor Event involving train in tweet NB233 9 min late at San Mateo T09:42
2012-05-11 15:19:05 : 07/07/11 Notified users of Minor Event involving train in tweet NB267 is 4 min late at San Carlos T17:34
2012-05-11 15:19:05 : 07/07/11 Notified users of CRITICAL EVENT Fatality north of mt view, all trains halted T20:55
2012-05-11 15:19:06 : 07/08/11 Notified users of Minor Event involving train in tweet Announcement: SB190 appx 30 mins late. Still at Brlngame T20:32
2012-05-11 15:19:07 : 07/12/11 Notified users of Minor Event involving train in tweet SB baby 312 late T07:19
2012-05-11 15:19:07 : 07/12/11 Notified users of Minor Event involving train in tweet NB 267 is 8 min late in San Carlos T17:38
2012-05-11 15:19:07 : 07/12/11 Notified users of Minor Event involving train in tweet NB277 7mim late dp SCar T18:37
2012-05-11 15:19:07 : 07/13/11 Notified users of Minor Event involving train in tweet NB 217 5 minutes late at PA. Again. T07:44
2012-05-11 15:19:07 : 07/13/11 Notified users of Minor Event involving train in tweet Sb216 left San Carlos 7 minutes late T07:58
2012-05-11 15:19:07 : 07/13/11 Notified users of Minor Event involving train in tweet SB220 crawling into Menlo Park, about 8 min late and getting worse T08:32
2012-05-11 15:19:07 : 07/13/11 Notified users of Minor Event involving train in tweet SB322 10 min late @mtnview T08:54
2012-05-11 15:19:07 : 07/13/11 Notified users of Minor Event involving train in tweet SB230 6 min late at redwood city T09:26
2012-05-11 15:19:08 : 07/15/11 Notified users of Minor Event involving train in tweet Nb277 left Lawrence 10 minutes late T08:23
2012-05-11 15:19:08 : 07/15/11 Notified users of Minor Event involving train in tweet Correction: nb227 left Lawrence 10 minutes late T08:25
2012-05-11 15:19:08 : 07/15/11 Notified users of Minor Event involving train in tweet NB 227 left university 10 min late T08:47
2012-05-11 15:19:08 : 07/15/11 Notified users of Minor Event involving train in tweet Nb 285 left mv early T18:47
2012-05-11 15:19:08 : 07/18/11 Notified users of Minor Event involving train in tweet SB 210 is 8 mins late at Millbrae. I'd expect delays in following 312 as well. T07:08
2012-05-11 15:19:08 : 07/18/11 Notified users of Minor Event involving train in tweet SB 210 is 8 mins late at Millbrae. I'd expect delays in following 312 as well. T07:08
2012-05-11 15:19:08 : 07/18/11 Notified users of Minor Event involving train in tweet NB225 7min late @ San Mateo T08:39
2012-05-11 15:19:09 : 07/19/11 Notified users of CRITICAL EVENT Fatality @ Lawrence T18:40
2012-05-11 15:19:09 : 07/19/11 Identified redundant CRITICAL EVENT SB 276 holding indefinitely at Mtn View. Reports of fatality at Lawrence T18:40
2012-05-11 15:19:09 : 07/19/11 Notified users of Minor Event involving train in tweet Train 383 just departed Lawrence as a local T19:34
2012-05-11 15:19:09 : 07/19/11 Notified users of Minor Event involving train in tweet first NB train (383 local) arriving Palo Alto now T19:53
2012-05-11 15:19:09 : 07/19/11 Notified users of Minor Event involving train in tweet Nb383 getting pretty full at Menlo. Only a few scattered seats left. T20:00
2012-05-11 15:19:09 : 07/19/11 Notified users of Minor Event involving train in tweet Nb383 taking it's sweet time leaving RWC. T20:08
2012-05-11 15:19:09 : 07/20/11 Notified users of Minor Event involving train in tweet NB 233 left burlingame 9 min late. Almost completely full. T09:47
2012-05-11 15:19:10 : 07/20/11 Notified users of Minor Event involving train in tweet NB 159 departed Hillsdale 15 minutes late T16:29
2012-05-11 15:19:10 : 07/20/11 Notified users of Minor Event involving train in tweet NB 197 sitting in Millbrae. 14mins down. No explanation given. No eta for departure. T23:46
2012-05-11 15:19:10 : 07/20/11 Notified users of Minor Event involving train in tweet NB 197 departed Millbrea 27mins late. No reason given for delay. T23:51
2012-05-11 15:19:10 : 07/21/11 Notified users of Minor Event involving train in tweet SB 332 departed sf 3 mins late T09:02
2012-05-11 15:19:10 : 07/21/11 Notified users of Minor Event involving train in tweet Per sign: SB280 11min late T18:21
2012-05-11 15:19:10 : 07/22/11 Notified users of Minor Event involving train in tweet SB146 leaving Menlo 7 mins late. T13:07
2012-05-11 15:19:10 : 07/22/11 Notified users of Minor Event involving train in tweet Southbound 264 running 4 mins late T16:22
2012-05-11 15:19:10 : 07/22/11 Notified users of Minor Event involving train in tweet Nb287 cancelled; 189 21 minutes late per signs T19:40
2012-05-11 15:19:10 : 07/22/11 Notified users of Minor Event involving train in tweet Nb287 cancelled; 189 21 minutes late per signs T19:40
2012-05-11 15:19:10 : 07/22/11 Notified users of Minor Event involving train in tweet Trains are single tracking at RWC due to broken down nb287. T19:44
2012-05-11 15:19:11 : 07/25/11 Notified users of Minor Event involving train in tweet SB 220 down 5 mins at San Carlos, thanks mainly to broken gate in Burlingame T08:19
2012-05-11 15:19:11 : 07/26/11 Notified users of Minor Event involving train in tweet SB218 - Departing 12 minutes late - 4th Street Station - T07:37
2012-05-11 15:19:12 : 07/26/11 Notified users of Minor Event involving train in tweet SB322 6m late pulling into RWC, caught up to train in front T08:36
2012-05-11 15:19:12 : 07/26/11 Notified users of Minor Event involving train in tweet 322 crawling btwn Sn Crls & RWC, having caught up to late 220 ahead. About 9 mins down. T08:36
2012-05-11 15:19:12 : 07/26/11 Notified users of Minor Event involving train in tweet 322 crawling btwn Sn Crls & RWC, having caught up to late 220 ahead. About 9 mins down. T08:36
2012-05-11 15:19:12 : 07/26/11 Notified users of Minor Event involving train in tweet SB 322 13 mins late leaving Menlo Park, behind 220 which is 18 down per sign T08:52
2012-05-11 15:19:12 : 07/26/11 Notified users of Minor Event involving train in tweet SB 322 13 mins late leaving Menlo Park, behind 220 which is 18 down per sign T08:52
2012-05-11 15:19:12 : 07/26/11 Notified users of Minor Event involving train in tweet SB260 left Millbrae 9 mins late T16:04
2012-05-11 15:19:12 : 07/27/11 Notified users of Minor Event involving train in tweet SB 314 3 minutes late out of palo alto T07:55
2012-05-11 15:19:12 : 07/27/11 Notified users of Minor Event involving train in tweet NB233 left PA 4 min late T09:16
2012-05-11 15:19:12 : 07/27/11 Notified users of Minor Event involving train in tweet Combined 383/285 nb train left mtn view 19 min late (285 sched) T19:06
2012-05-11 15:19:12 : 07/27/11 Notified users of Minor Event involving train in tweet Combined 383/285 nb train left mtn view 19 min late (285 sched) T19:06
2012-05-11 15:19:12 : 07/27/11 Notified users of Minor Event involving train in tweet Combined 383/285 nb train left mtn view 19 min late (285 sched) T19:06
2012-05-11 15:19:12 : 07/27/11 Notified users of Minor Event involving train in tweet NB285 left PA 22 mins late. Bumped 15+ bikes. T19:20
2012-05-11 15:19:12 : 07/27/11 Notified users of Minor Event involving train in tweet Combined 383/285 arriving SF 40 min late (383 sched) or 26 min late (285 sched) T20:05
2012-05-11 15:19:12 : 07/27/11 Notified users of Minor Event involving train in tweet Combined 383/285 arriving SF 40 min late (383 sched) or 26 min late (285 sched) T20:05
2012-05-11 15:19:12 : 07/27/11 Notified users of Minor Event involving train in tweet Combined 383/285 arriving SF 40 min late (383 sched) or 26 min late (285 sched) T20:05
2012-05-11 15:19:12 : 07/27/11 Notified users of Minor Event involving train in tweet Combined 383/285 arriving SF 40 min late (383 sched) or 26 min late (285 sched) T20:05
2012-05-11 15:19:13 : 07/28/11 Notified users of Minor Event involving train in tweet NB 135 departed SV 5 min late T09:30
2012-05-11 15:19:13 : 07/29/11 Notified users of Minor Event involving train in tweet NB 227 leaving RWC 16 min late. T09:01
2012-05-11 15:19:13 : 07/29/11 Notified users of Minor Event involving train in tweet Signs @ MV say SB 280 cancelled and SB 284 is now a local T18:17
2012-05-11 15:19:13 : 07/29/11 Notified users of Minor Event involving train in tweet Signs @ MV say SB 280 cancelled and SB 284 is now a local T18:17
2012-05-11 15:19:13 : 07/29/11 Notified users of Minor Event involving train in tweet SB 280 broke down at 22nd St T18:18
2012-05-11 15:19:13 : 07/29/11 Notified users of Minor Event involving train in tweet SB 382 stopped just as it left SF. It's now local train after RWC. T18:19
2012-05-11 15:19:13 : 07/29/11 Notified users of Minor Event involving train in tweet NB379 stuck before 22nd. Now single tracking to avoid 380. Delayed 15mn T18:51
2012-05-11 15:19:13 : 07/29/11 Notified users of Minor Event involving train in tweet NB383 at belmont now, will EXPRESS DIRECT TO SF 4th/King FROM HERE!!!!! T20:19
2012-05-11 15:19:14 : 08/01/11 Notified users of Minor Event involving train in tweet NB 313 moving; down 10 T06:59
2012-05-11 15:19:14 : 08/01/11 Notified users of Minor Event involving train in tweet NB319 departed PA 8 mins late T07:32
2012-05-11 15:19:14 : 08/01/11 Notified users of Minor Event involving train in tweet SB 368 just passed San Carlos, we're running about 40 min late at RWC. SB 370 (behind us) is at least 20 late at RWC. T17:38
2012-05-11 15:19:14 : 08/01/11 Notified users of Minor Event involving train in tweet NB267 5m late dep Millbrae (likely just 'usual' Giants lag so far) T17:48
2012-05-11 15:19:14 : 08/01/11 Notified users of Minor Event involving train in tweet SB 274 arrived Burlingame 10 minutes late T17:50
2012-05-11 15:19:14 : 08/01/11 Notified users of Minor Event involving train in tweet SB274 leaving Hillsdale 10 min late T17:59
2012-05-11 15:19:14 : 08/01/11 Notified users of Minor Event involving train in tweet SB274 leaving Cal Ave 9 min late T18:15
2012-05-11 15:19:14 : 08/01/11 Notified users of Minor Event involving train in tweet Nb285 left Lawrence 7 minutes late T18:46
2012-05-11 15:19:14 : 08/01/11 Notified users of Minor Event involving train in tweet NB285 6 min down at PA T18:59
2012-05-11 15:19:15 : 08/02/11 Notified users of Minor Event involving train in tweet SB 312 is 9 minutes late at Millbrae T07:26
2012-05-11 15:19:15 : 08/02/11 Notified users of Minor Event involving train in tweet SB 312 departed RWC 11 minutes late T07:41
2012-05-11 15:19:15 : 08/02/11 Notified users of Minor Event involving train in tweet SB 314 leaving Millbrae 15 mins late T07:48
2012-05-11 15:19:15 : 08/02/11 Notified users of Minor Event involving train in tweet Sb216 left San Bruno 18 minutes late T07:51
2012-05-11 15:19:15 : 08/02/11 Notified users of Minor Event involving train in tweet Confirming SB 312 is now ahead of SB 210. 210 just left MV T08:02
2012-05-11 15:19:15 : 08/02/11 Notified users of Minor Event involving train in tweet Confirming SB 312 is now ahead of SB 210. 210 just left MV T08:02
2012-05-11 15:19:15 : 08/02/11 Notified users of Minor Event involving train in tweet Confirming SB 312 is now ahead of SB 210. 210 just left MV T08:02
2012-05-11 15:19:15 : 08/02/11 Notified users of Minor Event involving train in tweet SB 218 leaving Millbrae 18 minutes late. T08:07
2012-05-11 15:19:15 : 08/02/11 Notified users of Minor Event involving train in tweet SB220 leaving MB 13 min late T08:15
2012-05-11 15:19:15 : 08/02/11 Notified users of Minor Event involving train in tweet NB324 now leaving 22nd almost ten mn late due to faulty signal and subsequent single tracking. T08:29
2012-05-11 15:19:15 : 08/02/11 Notified users of Minor Event involving train in tweet SB 324 now 15 mins late: moving v.slowly past SSF T08:34
2012-05-11 15:19:15 : 08/02/11 Notified users of Minor Event involving train in tweet sb324 now twenty no late @millbrae T08:52
2012-05-11 15:19:15 : 08/02/11 Notified users of Minor Event involving train in tweet SB324 now 20min down at Milbrae. Supposedly past signal trouble and back to regular speed. T08:53
2012-05-11 15:19:15 : 08/02/11 Notified users of Minor Event involving train in tweet SB230 12 mins late @sanmateo T09:19
2012-05-11 15:19:15 : 08/02/11 Notified users of Minor Event involving train in tweet Sb134 10 min late @ SM T09:48
2012-05-11 15:19:15 : 08/02/11 Notified users of Minor Event involving train in tweet NB 261 left PA 9 mins late due. Signal problems further south caused only some of the delay. T16:27
2012-05-11 15:19:15 : 08/02/11 Notified users of Minor Event involving train in tweet Nb285 left Lawrence 4 minutes late T18:44
2012-05-11 15:19:16 : 08/03/11 Notified users of Minor Event involving train in tweet NB 231 departed Santa Clara 6 min late T08:34
2012-05-11 15:19:16 : 08/03/11 Notified users of Minor Event involving train in tweet NB 225 cancelled, NB 227 making 225's stops. So far NB 227 is 10 min late to RWC T08:54
2012-05-11 15:19:16 : 08/03/11 Notified users of Minor Event involving train in tweet NB 225 cancelled, NB 227 making 225's stops. So far NB 227 is 10 min late to RWC T08:54
2012-05-11 15:19:16 : 08/03/11 Notified users of Minor Event involving train in tweet NB 225 cancelled, NB 227 making 225's stops. So far NB 227 is 10 min late to RWC T08:54
2012-05-11 15:19:16 : 08/03/11 Notified users of Minor Event involving train in tweet NB 225 cancelled, NB 227 making 225's stops. So far NB 227 is 10 min late to RWC T08:54
2012-05-11 15:19:16 : 08/03/11 Notified users of Minor Event involving train in tweet NB 227 now going straight to SF, no stops after holding at Cal Ave. Another NB train to pick up stranded NB 225/227 passengers T08:59
2012-05-11 15:19:16 : 08/03/11 Notified users of Minor Event involving train in tweet NB 227 now going straight to SF, no stops after holding at Cal Ave. Another NB train to pick up stranded NB 225/227 passengers T08:59
2012-05-11 15:19:16 : 08/03/11 Notified users of Minor Event involving train in tweet NB 227 now going straight to SF, no stops after holding at Cal Ave. Another NB train to pick up stranded NB 225/227 passengers T08:59
2012-05-11 15:19:16 : 08/03/11 Notified users of Minor Event involving train in tweet NB 231 running 35 minutes behind schedule. Just arriving at Hillsdale T09:32
2012-05-11 15:19:16 : 08/03/11 Notified users of Minor Event involving train in tweet NB159 delayed 13 mins according to signs. T15:40
2012-05-11 15:19:16 : 08/04/11 Notified users of Minor Event involving train in tweet SB264 dead at San Bruno: 15 minutes down so far T16:48
2012-05-11 15:19:16 : 08/04/11 Notified users of Minor Event involving train in tweet SB264 departs San Bruno 20 minutes late T16:55
2012-05-11 15:19:16 : 08/04/11 Notified users of Minor Event involving train in tweet Announcement that SB266 is 23 min late T17:34
2012-05-11 15:19:16 : 08/04/11 Notified users of Minor Event involving train in tweet SB266 left MP 10 min late T17:38
2012-05-11 15:19:17 : 08/05/11 Notified users of Minor Event involving train in tweet Announcement @ Cal Ave says SB 270 is 22 min late T17:53
2012-05-11 15:19:17 : 08/08/11 Notified users of Minor Event involving train in tweet SB210 20 min late @Millbrae, passed by 312 @Bayshore, 314 @RWC T07:24
2012-05-11 15:19:17 : 08/08/11 Notified users of Minor Event involving train in tweet SB210 20 min late @Millbrae, passed by 312 @Bayshore, 314 @RWC T07:24
2012-05-11 15:19:17 : 08/08/11 Notified users of Minor Event involving train in tweet SB210 20 min late @Millbrae, passed by 312 @Bayshore, 314 @RWC T07:24
2012-05-11 15:19:17 : 08/08/11 Notified users of Minor Event involving train in tweet SB 314 arrived Palo Alto 4 minutes late on NB track T07:55
2012-05-11 15:19:17 : 08/08/11 Notified users of Minor Event involving train in tweet NB 329 just passed NB 227 @ Lawrence, down ~6 min T08:18
2012-05-11 15:19:17 : 08/08/11 Notified users of Minor Event involving train in tweet NB 329 just passed NB 227 @ Lawrence, down ~6 min T08:18
2012-05-11 15:19:17 : 08/08/11 Notified users of Minor Event involving train in tweet SB266 left MP 3 min late T17:32
2012-05-11 15:19:18 : 08/09/11 Notified users of Minor Event involving train in tweet Sb216 left San Bruno 4 minutes late T07:38
2012-05-11 15:19:18 : 08/09/11 Notified users of Minor Event involving train in tweet SB226 4 mins late @Burlingame T08:42
2012-05-11 15:19:18 : 08/09/11 Notified users of Minor Event involving train in tweet SB 220 down about 10 mons after wheelchair lift got stuck at California Avenue. Now moving. T08:43
2012-05-11 15:19:18 : 08/09/11 Notified users of Minor Event involving train in tweet NB 261 left PA 7 mins late T16:24
2012-05-11 15:19:18 : 08/09/11 Notified users of Minor Event involving train in tweet 373 now moving, behind 275. 277 now pulling into Santa Clara late. T17:46
2012-05-11 15:19:18 : 08/09/11 Notified users of Minor Event involving train in tweet 373 now moving, behind 275. 277 now pulling into Santa Clara late. T17:46
2012-05-11 15:19:18 : 08/09/11 Notified users of Minor Event involving train in tweet 373 now moving, behind 275. 277 now pulling into Santa Clara late. T17:46
2012-05-11 15:19:18 : 08/09/11 Notified users of Minor Event involving train in tweet NB275 departing PA twenty mn late. T18:12
2012-05-11 15:19:18 : 08/09/11 Notified users of Minor Event involving train in tweet NB277 dp MP 11min late T18:31
2012-05-11 15:19:18 : 08/09/11 Notified users of Minor Event involving train in tweet SB 288 left SF ~15 min late T19:14
2012-05-11 15:19:18 : 08/10/11 Notified users of Minor Event involving train in tweet Sb216 left Sc 4 min late 7:54 T07:56
2012-05-11 15:19:18 : 08/10/11 Notified users of Minor Event involving train in tweet Nb225 will now stop at Lawrence so trains can run around (if needed) T07:59
2012-05-11 15:19:19 : 08/10/11 Notified users of Minor Event involving train in tweet SB260 10 min late @RWC T16:25
2012-05-11 15:19:19 : 08/10/11 Notified users of Minor Event involving train in tweet NB277 dep menlo 5 min late (new equipment) T18:25
2012-05-11 15:19:19 : 08/10/11 Notified users of Minor Event involving train in tweet NB 285 broke down at PA. Single tracking. WAY TO GO CALTRAIN MAINTANENCE! T19:03
2012-05-11 15:19:19 : 08/10/11 Notified users of Minor Event involving train in tweet NB285 (or a train so marked) just barreled thru cal ave 15min late. Maybe other messagers are confused? T19:10
2012-05-11 15:19:19 : 08/10/11 Notified users of Minor Event involving train in tweet Pretty sure it's nb281 that broke down at PA. T19:12
2012-05-11 15:19:19 : 08/10/11 Notified users of Minor Event involving train in tweet NB287 just arrived on the SB tracks at cal ave, only 7 min down for now. T19:14
2012-05-11 15:19:19 : 08/10/11 Notified users of Minor Event involving train in tweet SB386 just departed Menlo (~15min down) T19:24
2012-05-11 15:19:19 : 08/10/11 Notified users of Minor Event involving train in tweet Conductor on NB287: we're making scheduled stops, estimated 10min down for rest of run. T19:35
2012-05-11 15:19:19 : 08/11/11 Notified users of Minor Event involving train in tweet SB142 leaving PA 7 mins late. T12:10
2012-05-11 15:19:20 : 08/11/11 Notified users of Minor Event involving train in tweet NB267 7 min late at San Carlos T17:34
2012-05-11 15:19:20 : 08/11/11 Notified users of Minor Event involving train in tweet Whoops - NB267 overshot San Carlos, now 10 min late T17:38
2012-05-11 15:19:20 : 08/12/11 Notified users of Minor Event involving train in tweet NB147 left PA 7 minutes late T12:48
2012-05-11 15:19:21 : 08/15/11 Notified users of Minor Event involving train in tweet NB195 left Lawrence at 9:52, 12 mins late. T21:53
2012-05-11 15:19:21 : 08/16/11 Notified users of Minor Event involving train in tweet SB 314 protected San Bruno Ave; departing Millbrae 2 min late T07:34
2012-05-11 15:19:21 : 08/16/11 Notified users of Minor Event involving train in tweet SB322 left millbrae 3 mins late T08:21
2012-05-11 15:19:21 : 08/16/11 Notified users of Minor Event involving train in tweet SB226 on the move. Left Palo Alto at 9:12. T09:13
2012-05-11 15:19:21 : 08/16/11 Notified users of Minor Event involving train in tweet Sb274 24 minutes late per announcement T18:36
2012-05-11 15:19:21 : 08/16/11 Notified users of Minor Event involving train in tweet Nb285 left Lawrence 4 minutes late T18:44
2012-05-11 15:19:21 : 08/16/11 Notified users of Minor Event involving train in tweet NB383 5 min late overshot RWC. Has drunk passenger on tracks ahead. Holding. T18:56
2012-05-11 15:19:21 : 08/16/11 Notified users of Minor Event involving train in tweet NB 383 left RWC 6 minutes late T19:00
2012-05-11 15:19:22 : 08/18/11 Notified users of Minor Event involving train in tweet NB 319 still at SJD down 5 already, no announcements as per usual. T07:08
2012-05-11 15:19:22 : 08/18/11 Notified users of Minor Event involving train in tweet NB 319 underway, down 11 T07:15
2012-05-11 15:19:22 : 08/18/11 Notified users of Minor Event involving train in tweet NB, 217, 319 delayed 20-30 min at SJC (via intercom) T07:18
2012-05-11 15:19:22 : 08/18/11 Notified users of Minor Event involving train in tweet NB, 217, 319 delayed 20-30 min at SJC (via intercom) T07:18
2012-05-11 15:19:22 : 08/18/11 Notified users of Minor Event involving train in tweet That was 313 that bypassed SV; it's running regular stops but 20 min late. T07:37
2012-05-11 15:19:22 : 08/18/11 Notified users of Minor Event involving train in tweet Sb324 hasn't left yet as the late NB trains are just arriving T08:15
2012-05-11 15:19:22 : 08/18/11 Notified users of Minor Event involving train in tweet SB 324 left SF 10 mins late T08:25
2012-05-11 15:19:22 : 08/18/11 Notified users of Minor Event involving train in tweet Sb226 left before sb324. Probably will move to siding soon. T08:26
2012-05-11 15:19:22 : 08/18/11 Notified users of Minor Event involving train in tweet Sb226 left before sb324. Probably will move to siding soon. T08:26
2012-05-11 15:19:22 : 08/18/11 Notified users of Minor Event involving train in tweet San Jose control performed magic at Milbrae. Sb324 before sb226 now. T08:44
2012-05-11 15:19:22 : 08/18/11 Notified users of Minor Event involving train in tweet San Jose control performed magic at Milbrae. Sb324 before sb226 now. T08:44
2012-05-11 15:19:22 : 08/18/11 Notified users of Minor Event involving train in tweet Sb226 left Burlingame 18 minutes late T08:54
2012-05-11 15:19:22 : 08/18/11 Notified users of Minor Event involving train in tweet NB 135 departed Santa Clara 5 min late T09:21
2012-05-11 15:19:22 : 08/19/11 Notified users of Minor Event involving train in tweet Sb226 left sc 7 min late 8:57 T08:57
2012-05-11 15:19:23 : 08/19/11 Notified users of Minor Event involving train in tweet Sb386 left SF about 10 minutes late T18:43
2012-05-11 15:19:24 : 08/23/11 Notified users of Minor Event involving train in tweet Sb218 left sc 11 min late 8:18. Southernmost 2 cars are blocked T08:22
2012-05-11 15:19:24 : 08/24/11 Notified users of Minor Event involving train in tweet SB324 out of service at MB, passengers moved to SB226, which has dep MB 10min late T08:50
2012-05-11 15:19:24 : 08/24/11 Notified users of Minor Event involving train in tweet SB324 out of service at MB, passengers moved to SB226, which has dep MB 10min late T08:50
2012-05-11 15:19:24 : 08/24/11 Notified users of Minor Event involving train in tweet SB 226 left SM 14 mins late T08:57
2012-05-11 15:19:24 : 08/24/11 Notified users of Minor Event involving train in tweet Combined SB324/226 dep Hillsdale 15 or 21 mins late, depending on your train of choice T09:02
2012-05-11 15:19:24 : 08/24/11 Notified users of Minor Event involving train in tweet Combined SB324/226 dep Hillsdale 15 or 21 mins late, depending on your train of choice T09:02
2012-05-11 15:19:24 : 08/24/11 Notified users of Minor Event involving train in tweet SB228 dep San Carlos 8 mins late. T09:15
2012-05-11 15:19:24 : 08/24/11 Notified users of Minor Event involving train in tweet NB155 departed RWC 8 mins late. T14:58
2012-05-11 15:19:24 : 08/25/11 Notified users of Minor Event involving train in tweet NB 135 departed Santa Clara 6 min late T09:22
2012-05-11 15:19:24 : 08/25/11 Notified users of Minor Event involving train in tweet NB 267 pulling into San Carlos 3 min late T17:31
2012-05-11 15:19:26 : 08/30/11 Notified users of Minor Event involving train in tweet NB159 left Palo Alto 7 min late. T15:47
2012-05-11 15:19:26 : 09/01/11 Notified users of Minor Event involving train in tweet SB312 held and left 5 mun late from Milbrae T07:25
2012-05-11 15:19:26 : 09/01/11 Notified users of Minor Event involving train in tweet 267 is crawling into Sunnyvale 6 minutes late T17:05
2012-05-11 15:19:26 : 09/01/11 Notified users of Minor Event involving train in tweet NB 369 leaving PA 18 mins late - still a bullet T17:25
2012-05-11 15:19:27 : 09/01/11 Notified users of Minor Event involving train in tweet 267 is in Palo Alto at 5:31 - 15 minutes late T17:30
2012-05-11 15:19:27 : 09/01/11 Notified users of Minor Event involving train in tweet NB267 - 14 minutes late - San Carlos Station - T17:43
2012-05-11 15:19:27 : 09/01/11 Notified users of Minor Event involving train in tweet NB373 arriving MV approx 10min late. Per conductor, signal issues. Making regular bullet stops. T17:47
2012-05-11 15:19:27 : 09/01/11 Notified users of Minor Event involving train in tweet NB373 arriving Menlo Park 16 min late. Conductor says should run at full speed from here. T18:02
2012-05-11 15:19:27 : 09/01/11 Notified users of Minor Event involving train in tweet NB373 leaving MP T18:04
2012-05-11 15:19:27 : 09/01/11 Notified users of Minor Event involving train in tweet Per announcement, NB275 is 13 mins late; has yet to arrive at MP. T18:06
2012-05-11 15:19:27 : 09/01/11 Notified users of Minor Event involving train in tweet NB275 leaving mp 15 mn late T18:12
2012-05-11 15:19:27 : 09/01/11 Notified users of Minor Event involving train in tweet NB277 left cal ave 8min down T18:19
2012-05-11 15:19:27 : 09/01/11 Notified users of Minor Event involving train in tweet Sb 288 departing RWC 12 min late T19:40
2012-05-11 15:19:27 : 09/02/11 Notified users of Minor Event involving train in tweet nb151 departed San Antonio 18min late T13:57
2012-05-11 15:19:28 : 09/06/11 Notified users of Minor Event involving train in tweet SB 314 equipment change, now expected to board track 8 in SF. T07:06
2012-05-11 15:19:28 : 09/06/11 Notified users of Minor Event involving train in tweet NB277 6 min late out of menlo T18:26
2012-05-11 15:19:28 : 09/06/11 Notified users of Minor Event involving train in tweet Broken xing at Atherton. Slow both directions. NB277, 6 min down. T18:33
2012-05-11 15:19:28 : 09/07/11 Notified users of Minor Event involving train in tweet SB312 reduced speed btwn Milbr & RWC; at least 7m late RWC T07:37
2012-05-11 15:19:29 : 09/07/11 Notified users of Minor Event involving train in tweet SB312 10m late dep RWC T07:43
2012-05-11 15:19:29 : 09/07/11 Notified users of Minor Event involving train in tweet NB319 just sitting at San Mateo. 5+ minutes now. No explanation #Caltrain T07:47
2012-05-11 15:19:29 : 09/07/11 Notified users of Minor Event involving train in tweet NB319 moving again. 13 mins down. T07:52
2012-05-11 15:19:29 : 09/07/11 Notified users of Minor Event involving train in tweet NB277 moving again with no info about mech problem, 8 min down T18:22
2012-05-11 15:19:29 : 09/07/11 Notified users of Minor Event involving train in tweet Nb285 left MV 3 minutes late. T18:49
2012-05-11 15:19:29 : 09/07/11 Notified users of Minor Event involving train in tweet NB383 left Millbrae 3 mins late T19:08
2012-05-11 15:19:29 : 09/08/11 Notified users of Minor Event involving train in tweet SB138 10 mins late @ RWC T11:07
2012-05-11 15:19:30 : 09/10/11 Notified users of CRITICAL EVENT SB442 stuck in 22 bc of fatality near bayshore T19:01
2012-05-11 15:19:30 : 09/12/11 Notified users of Minor Event involving train in tweet SB142 9 mins late @ RWC T12:05
2012-05-11 15:19:30 : 09/12/11 Notified users of Minor Event involving train in tweet NB369 lv Palo Alto ~5 min late, almost full T17:11
2012-05-11 15:19:30 : 09/12/11 Notified users of Minor Event involving train in tweet NB 369 leaving PA 5 minutes late T17:12
2012-05-11 15:19:30 : 09/12/11 Notified users of Minor Event involving train in tweet NB193 6m late arr MP T21:11
2012-05-11 15:19:30 : 09/13/11 Notified users of Minor Event involving train in tweet SB220 moving again. Left San Antonio at 8:45. T08:46
2012-05-11 15:19:30 : 09/13/11 Notified users of Minor Event involving train in tweet NB267 is 7 min late at San Carlos T17:37
2012-05-11 15:19:30 : 09/13/11 Notified users of Minor Event involving train in tweet Nb285 left Lawrence 8 minutes late T18:47
2012-05-11 15:19:30 : 09/13/11 Notified users of Minor Event involving train in tweet NB 285 ten minutes behind out of Lawrence. T18:48
2012-05-11 15:19:31 : 09/14/11 Notified users of Minor Event involving train in tweet NB207 dep. Lawrence 13m late. Electrical problem, but lights now restored. T06:31
2012-05-11 15:19:31 : 09/14/11 Notified users of Minor Event involving train in tweet NB207 dep. SVL 19m late after stopping to let NB 211 pass. T06:39
2012-05-11 15:19:31 : 09/14/11 Notified users of Minor Event involving train in tweet NB207 dep. SVL 19m late after stopping to let NB 211 pass. T06:39
2012-05-11 15:19:31 : 09/14/11 Notified users of Minor Event involving train in tweet NB207 dep. San Antonio 30m late, mechanical issues continue. T06:59
2012-05-11 15:19:31 : 09/14/11 Notified users of Minor Event involving train in tweet NB313 11m late dep. Hillsdale. T07:29
2012-05-11 15:19:31 : 09/14/11 Notified users of Minor Event involving train in tweet NB319 departing san mateo 10 mins late T07:49
2012-05-11 15:19:31 : 09/14/11 Notified users of Minor Event involving train in tweet SB324 leaving SF 4min down T08:19
2012-05-11 15:19:31 : 09/14/11 Notified users of Minor Event involving train in tweet SB260 departing PA, 12 minutes late T16:38
2012-05-11 15:19:31 : 09/14/11 Notified users of Minor Event involving train in tweet SB266 leaving MP 6 min late T17:34
2012-05-11 15:19:31 : 09/15/11 Notified users of Minor Event involving train in tweet NB267 is 5 min late in San Carlos T17:35
2012-05-11 15:19:31 : 09/16/11 Notified users of Minor Event involving train in tweet SB230 3 min late at millbrae T09:05
2012-05-11 15:19:32 : 09/19/11 Notified users of Minor Event involving train in tweet Sb216 left Sc 5 min late 7:55 T07:57
2012-05-11 15:19:32 : 09/19/11 Notified users of Minor Event involving train in tweet SB220 just made brief stop before arriving RWC, ~5min down T08:33
2012-05-11 15:19:32 : 09/19/11 Notified users of Minor Event involving train in tweet SB226 left san bruno 6 mins late T08:40
2012-05-11 15:19:32 : 09/19/11 Notified users of Minor Event involving train in tweet NB 379 departed PA 4mins late T18:10
2012-05-11 15:19:33 : 09/21/11 Notified users of Minor Event involving train in tweet sb216 left sc 5 min late 7:55 T07:57
2012-05-11 15:19:33 : 09/21/11 Notified users of Minor Event involving train in tweet SB142 5m late dep San Carlos T11:56
2012-05-11 15:19:33 : 09/23/11 Notified users of Minor Event involving train in tweet SB260 left MP 5 min late T16:28
2012-05-11 15:19:34 : 09/26/11 Notified users of Minor Event involving train in tweet NB 233 departed MV 5 late T09:10
2012-05-11 15:19:35 : 09/27/11 Notified users of Minor Event involving train in tweet NB319 at a full stop at Santa Clara, NB215 broken down in front of us T07:13
2012-05-11 15:19:35 : 09/27/11 Notified users of Minor Event involving train in tweet NB319 at a full stop at Santa Clara, NB215 broken down in front of us T07:13
2012-05-11 15:19:35 : 09/27/11 Notified users of Minor Event involving train in tweet NB215 still a no show at Sunnyvale. 13 min late T07:13
2012-05-11 15:19:35 : 09/27/11 Notified users of Minor Event involving train in tweet NB 215 broke down ahead of and holding up NB 319 T07:14
2012-05-11 15:19:35 : 09/27/11 Notified users of Minor Event involving train in tweet NB 215 broke down ahead of and holding up NB 319 T07:14
2012-05-11 15:19:35 : 09/27/11 Notified users of Minor Event involving train in tweet NB319 10 min late @SVale, NB217 picking up NB215 passengers T07:23
2012-05-11 15:19:35 : 09/27/11 Notified users of Minor Event involving train in tweet NB319 10 min late @SVale, NB217 picking up NB215 passengers T07:23
2012-05-11 15:19:35 : 09/27/11 Notified users of Minor Event involving train in tweet NB319 10 min late @SVale, NB217 picking up NB215 passengers T07:23
2012-05-11 15:19:35 : 09/27/11 Notified users of Minor Event involving train in tweet NB319 finally departing Sunnyvale. 10 min late. Very full. T07:24
2012-05-11 15:19:35 : 09/27/11 Notified users of Minor Event involving train in tweet SB230 now proceeding slowly to 22nd St, 20 mins late, expressing from there T09:05
2012-05-11 15:19:35 : 09/27/11 Notified users of Minor Event involving train in tweet SB 332 departed Millbrae 5mins late. Standing room only. T09:23
2012-05-11 15:19:35 : 09/27/11 Notified users of Minor Event involving train in tweet SB230 dep San Carlos 26 mins late T09:41
2012-05-11 15:19:35 : 09/27/11 Notified users of Minor Event involving train in tweet NB 379 departed Palo Alto with standing room only T18:09
2012-05-11 15:19:35 : 09/28/11 Notified users of Minor Event involving train in tweet SB266 left MP 5 min late T17:33
2012-05-11 15:19:35 : 09/29/11 Notified users of Minor Event involving train in tweet NB227 leaving MTV 12 min late T08:36
2012-05-11 15:19:35 : 09/29/11 Notified users of Minor Event involving train in tweet Nb261 having engine problems, 12mins late out of san Antonio T16:20
2012-05-11 15:19:36 : 09/30/11 Notified users of Minor Event involving train in tweet NB233 a few minutes down leaving MV, intermittent power problems T09:09
2012-05-11 15:19:36 : 09/30/11 Notified users of Minor Event involving train in tweet NB 275 5 min late at Hillsdale T18:14
2012-05-11 15:19:37 : 10/03/11 Notified users of Minor Event involving train in tweet NB261 depart Palo Alto 7 min late, just lost all electrical power T16:25
2012-05-11 15:19:37 : 10/03/11 Notified users of Minor Event involving train in tweet NB261 departed rwc 14min late T16:39
2012-05-11 15:19:37 : 10/03/11 Notified users of Minor Event involving train in tweet NB261 depart Menlo Park 13 min late, power is restored. T16:40
2012-05-11 15:19:37 : 10/04/11 Notified users of Minor Event involving train in tweet Nb285 is stuck now. Will update shortly. T19:28
2012-05-11 15:19:37 : 10/04/11 Notified users of Minor Event involving train in tweet Nb285 backing up now. Was a door that managed to get itself open. T19:30
2012-05-11 15:19:37 : 10/04/11 Notified users of Minor Event involving train in tweet NB191 dep MP 6m late T20:11
2012-05-11 15:19:37 : 10/05/11 Notified users of Minor Event involving train in tweet Sb220 is on the move after Milbrae. Only a couple minutes down. T08:05
2012-05-11 15:19:37 : 10/05/11 Notified users of Minor Event involving train in tweet SB 332 departed SF 3 mins late T09:02
2012-05-11 15:19:38 : 10/05/11 Notified users of Minor Event involving train in tweet SB260 15 min late at MV, bullet will pass at Lawr T16:54
2012-05-11 15:19:38 : 10/06/11 Notified users of Minor Event involving train in tweet Nb135 departing mv 9 min late T09:38
2012-05-11 15:19:38 : 10/06/11 Notified users of Minor Event involving train in tweet NB 369 departed mv 4 mins late T17:01
2012-05-11 15:19:38 : 10/06/11 Notified users of Minor Event involving train in tweet NB369 still sitting at Palo Alto (about 8 min down), no reason given T17:14
2012-05-11 15:19:38 : 10/06/11 Notified users of Minor Event involving train in tweet Broken down train at Millbrae. 10-15 min estimated delay for SB 280 T18:17
2012-05-11 15:19:38 : 10/07/11 Notified users of Minor Event involving train in tweet NB225 is 6min late @ San Mateo T08:37
2012-05-11 15:19:38 : 10/07/11 Notified users of Minor Event involving train in tweet Nb277 down about 10 minutes at CalAve #Caltrain T18:21
2012-05-11 15:19:39 : 10/10/11 Notified users of Minor Event involving train in tweet Sb208 left sc 4 min late 7:11 T07:14
2012-05-11 15:19:39 : 10/10/11 Notified users of Minor Event involving train in tweet SB154 departed Cal Ave 32 mins down T15:41
2012-05-11 15:19:39 : 10/11/11 Notified users of Minor Event involving train in tweet SB322 5 mins late out of millbrae T08:22
2012-05-11 15:19:39 : 10/11/11 Notified users of Minor Event involving train in tweet Sb226 left sc 6 min late 8:56 T08:58
2012-05-11 15:19:40 : 10/12/11 Notified users of Minor Event involving train in tweet SB230 dep Palo Alto 6 mins latel T09:33
2012-05-11 15:19:40 : 10/12/11 Notified users of Minor Event involving train in tweet NB285 4min late at Palo Alto T18:57
2012-05-11 15:19:40 : 10/12/11 Notified users of Minor Event involving train in tweet Nb191 left belmont 3 min late T20:19
2012-05-11 15:19:40 : 10/14/11 Notified users of Minor Event involving train in tweet SB264 stopped at San Carlos due to "unruly passenger" on train; 15 minutes down so far T17:07
2012-05-11 15:19:40 : 10/14/11 Notified users of Minor Event involving train in tweet Anyone know how far down SB266 is? T17:30
2012-05-11 15:19:40 : 10/14/11 Notified users of Minor Event involving train in tweet SB266 left MP 6 min late T17:34
2012-05-11 15:19:41 : 10/17/11 Notified users of Minor Event involving train in tweet NB139 10 mins late departing Diridon @ 10:20am T10:25
2012-05-11 15:19:41 : 10/17/11 Notified users of Minor Event involving train in tweet NB383 passed local at Millbrae, ~6m down T19:11
2012-05-11 15:19:42 : 10/17/11 Notified users of Minor Event involving train in tweet Nb197 chilling at San Jose due to broken doors. Hopefully will be leaving shortly. T22:43
2012-05-11 15:19:42 : 10/17/11 Notified users of Minor Event involving train in tweet Nb197 left San Jose 13 minutes late. T22:43
2012-05-11 15:19:42 : 10/18/11 Notified users of Minor Event involving train in tweet NB323 packed to the gills, left MTV 5 min late T08:03
2012-05-11 15:19:42 : 10/18/11 Notified users of Minor Event involving train in tweet SB 226 9 minutes late departing San Mateo T08:51
2012-05-11 15:19:42 : 10/18/11 Notified users of Minor Event involving train in tweet 226 10 minutes down - "passenger had to be removed from the train" T09:43
2012-05-11 15:19:42 : 10/18/11 Notified users of Minor Event involving train in tweet NB383 missing @ MP, scratchy speaker announced hasn't left MV? T18:50
2012-05-11 15:19:42 : 10/18/11 Notified users of Minor Event involving train in tweet NB383 left Mountain View 15min late T18:57
2012-05-11 15:19:42 : 10/18/11 Notified users of Minor Event involving train in tweet NB383 dep MP 18m late T19:02
2012-05-11 15:19:43 : 10/21/11 Notified users of Minor Event involving train in tweet SB288 14 minutes down due to problem with wheelchair lift T19:43
2012-05-11 15:19:44 : 10/24/11 Notified users of Minor Event involving train in tweet NB285 dep 5 min late from Palo Alto T18:58
2012-05-11 15:19:44 : 10/24/11 Notified users of Minor Event involving train in tweet NB 383 passed NB 281 at Belmont. NB 383 approx 5 min behind schedule T19:03
2012-05-11 15:19:44 : 10/24/11 Notified users of Minor Event involving train in tweet NB 383 passed NB 281 at Belmont. NB 383 approx 5 min behind schedule T19:03
2012-05-11 15:19:44 : 10/24/11 Notified users of Minor Event involving train in tweet NB 383 passed NB 281 at Belmont. NB 383 approx 5 min behind schedule T19:03
2012-05-11 15:19:44 : 10/25/11 Notified users of Minor Event involving train in tweet SB230 4 min late out of millbrae T09:06
2012-05-11 15:19:44 : 10/27/11 Notified users of Minor Event involving train in tweet NB207 dep. Lawrence 5m late T06:19
2012-05-11 15:19:44 : 10/27/11 Notified users of Minor Event involving train in tweet NB207 lights keep shutting off; dep. San Ant. 7m late T06:35
2012-05-11 15:19:45 : 10/27/11 Notified users of Minor Event involving train in tweet NB211 dep. RWC 6m late T06:58
2012-05-11 15:19:45 : 10/28/11 Notified users of Minor Event involving train in tweet NB319 leaving SJD down 10 T07:14
2012-05-11 15:19:45 : 10/28/11 Notified users of Minor Event involving train in tweet Sb216 a bit sluggish this morning. About 5 minutes down due to mechanical issue. T07:44
2012-05-11 15:19:45 : 10/28/11 Notified users of Minor Event involving train in tweet NB287 dep Burlingame 5 mins late T19:40
2012-05-11 15:19:46 : 10/31/11 Notified users of Minor Event involving train in tweet NB225 15 mins late per announcement T08:07
2012-05-11 15:19:46 : 10/31/11 Notified users of Minor Event involving train in tweet NB225 is 21 min late. Just getting into Sunnyvale T08:20
2012-05-11 15:19:46 : 11/02/11 Notified users of Minor Event involving train in tweet Sb216 left "Bvrlingame" 5 minutes late T07:43
2012-05-11 15:19:46 : 11/02/11 Notified users of Minor Event involving train in tweet NB261 departed Palo Alto 11 min late (but still ahead of NB263) T16:25
2012-05-11 15:19:46 : 11/02/11 Notified users of Minor Event involving train in tweet NB261 departed Palo Alto 11 min late (but still ahead of NB263) T16:25
2012-05-11 15:19:46 : 11/02/11 Notified users of Minor Event involving train in tweet NB263 departed RWC 23 min late. T16:55
2012-05-11 15:19:47 : 11/02/11 Notified users of Minor Event involving train in tweet NB 267 departed Lawrence 20 min late due to NB 369 not passing in time T17:16
2012-05-11 15:19:47 : 11/02/11 Notified users of Minor Event involving train in tweet NB 267 departed Lawrence 20 min late due to NB 369 not passing in time T17:16
2012-05-11 15:19:47 : 11/02/11 Notified users of Minor Event involving train in tweet NB 271 left Santa Clara 5 min late. "Switching problems" T17:20
2012-05-11 15:19:47 : 11/02/11 Notified users of Minor Event involving train in tweet NB 369 leaving PA 23 minutes late T17:29
2012-05-11 15:19:47 : 11/02/11 Notified users of Minor Event involving train in tweet NB267 dep MP 22m late T17:42
2012-05-11 15:19:47 : 11/02/11 Notified users of Minor Event involving train in tweet NB267 dep SCarlos 25m late T17:55
2012-05-11 15:19:47 : 11/02/11 Notified users of Minor Event involving train in tweet Nb285 stopped at Menlo Park with no power. Conductor said we should be leaving soon. T19:04
2012-05-11 15:19:47 : 11/02/11 Notified users of Minor Event involving train in tweet Nb285 left Menlo 10 minutes late. Lights flickering. T19:10
2012-05-11 15:19:47 : 11/02/11 Notified users of Minor Event involving train in tweet Nb285 stopped longer than usual at San Carlos. Now 13 down. T19:18
2012-05-11 15:19:47 : 11/03/11 Notified users of Minor Event involving train in tweet Sb216 left "Bvrlingame" 5 minutes late T07:43
2012-05-11 15:19:47 : 11/03/11 Notified users of Minor Event involving train in tweet SB154 4 minutes late arriving Palo Alto T15:06
2012-05-11 15:19:47 : 11/03/11 Notified users of Minor Event involving train in tweet NB 197 left San Jose 15 minutes late due to Sharks shootout game; now stopped in Mtn View for quite a while T23:06
2012-05-11 15:19:47 : 11/03/11 Notified users of Minor Event involving train in tweet NB 197 departed San Antonio 18 minutes late T23:13
2012-05-11 15:19:47 : 11/03/11 Notified users of Minor Event involving train in tweet Nb197 leaving PA 23 minutes late. Wheelchair pax had a house with him. T23:24
2012-05-11 15:19:47 : 11/04/11 Notified users of CRITICAL EVENT Fatality around the Tamien area. Not sure about delays just yet. T08:02
2012-05-11 15:19:48 : 11/07/11 Notified users of Minor Event involving train in tweet NB221 - 8 min late @ San Mateo T08:15
2012-05-11 15:19:48 : 11/07/11 Notified users of Minor Event involving train in tweet NB 189 delayed at Millbrae. Departed 10 mins late - no reason announced for delay T19:51
2012-05-11 15:19:48 : 11/08/11 Notified users of Minor Event involving train in tweet SB314 departed Palo Alto 8 min late, to give an idea of the delays due to crossing protection. T08:00
2012-05-11 15:19:49 : 11/08/11 Notified users of Minor Event involving train in tweet SB216 dp MP 9 min late T08:08
2012-05-11 15:19:49 : 11/08/11 Notified users of Minor Event involving train in tweet NB267 is 7 min late at San Carlos T17:37
2012-05-11 15:19:49 : 11/08/11 Notified users of Minor Event involving train in tweet Nb193 left Lawrence 12min late per annc. T20:55
2012-05-11 15:19:49 : 11/11/11 Notified users of Minor Event involving train in tweet NB 261 now ordered to stop to await further instructions T16:46
2012-05-11 15:19:50 : 11/11/11 Notified users of Minor Event involving train in tweet NB267 is 5min late but moving toward RC T17:26
2012-05-11 15:19:50 : 11/11/11 Notified users of Minor Event involving train in tweet Sb280 now local T18:11
2012-05-11 15:19:50 : 11/11/11 Notified users of Minor Event involving train in tweet NB 379 left Millbrae 10mins late T18:35
2012-05-11 15:19:50 : 11/11/11 Notified users of Minor Event involving train in tweet Correction: nb285 left diridon 23 min late 6:54 T18:53
2012-05-11 15:19:50 : 11/11/11 Notified users of Minor Event involving train in tweet Nb383 left millbrae 8 min late. Stuck door on car2 from north. T19:15
2012-05-11 15:19:50 : 11/11/11 Notified users of Minor Event involving train in tweet NB 285 left San Carlos 19:25 T19:25
2012-05-11 15:19:50 : 11/11/11 Notified users of Minor Event involving train in tweet NB 285 left Hillsdale 19:30. Joyous mood onboard T19:31
2012-05-11 15:19:51 : 11/14/11 Notified users of Minor Event involving train in tweet Sb216 stopped briefly due to mechanical. Left San Mateo 9 minutes late T07:51
2012-05-11 15:19:51 : 11/14/11 Notified users of Minor Event involving train in tweet Sb216 left Menlo Park 11 minutes late T08:10
2012-05-11 15:19:52 : 11/16/11 Notified users of Minor Event involving train in tweet Sb216 left SF 12 minutes late T07:32
2012-05-11 15:19:52 : 11/16/11 Notified users of Minor Event involving train in tweet NB227 starting behind 329, 10 mins late (per announcement) T08:02
2012-05-11 15:19:52 : 11/16/11 Notified users of Minor Event involving train in tweet NB227 starting behind 329, 10 mins late (per announcement) T08:02
2012-05-11 15:19:52 : 11/16/11 Notified users of Minor Event involving train in tweet Sb216 left sc 14 min late 8:04 T08:06
2012-05-11 15:19:52 : 11/16/11 Notified users of Minor Event involving train in tweet NB227 departed Lawrence 8 mins late. T08:21
2012-05-11 15:19:52 : 11/16/11 Notified users of Minor Event involving train in tweet SB 220 left SC 8:24 - 11 min late. T08:24
2012-05-11 15:19:52 : 11/16/11 Notified users of Minor Event involving train in tweet SB322 dep RWC 7m late T08:37
2012-05-11 15:19:52 : 11/16/11 Notified users of Minor Event involving train in tweet NB277 arr 7m late MP, no interior lights T18:27
2012-05-11 15:19:52 : 11/17/11 Notified users of Minor Event involving train in tweet SB216 5 min late at san mateo T07:48
2012-05-11 15:19:52 : 11/17/11 Notified users of Minor Event involving train in tweet SB266 left MP 10 min late T17:38
2012-05-11 15:19:52 : 11/17/11 Notified users of Minor Event involving train in tweet Nb 373 left mtnview 4 min late T17:43
2012-05-11 15:19:53 : 11/18/11 Notified users of Minor Event involving train in tweet SB322 4 mins late out of millbrae T08:21
2012-05-11 15:19:53 : 11/18/11 Notified users of Minor Event involving train in tweet NB159 leaving MP 6 mins late. T15:48
2012-05-11 15:19:53 : 11/18/11 Notified users of Minor Event involving train in tweet Nb271 late 16 minutes, just passed Lawrence T17:35
2012-05-11 15:19:54 : 11/22/11 Notified users of Minor Event involving train in tweet NB 365 left RWC stopped then backed up. No announcement ?? T16:57
2012-05-11 15:19:54 : 11/22/11 Notified users of Minor Event involving train in tweet NB 365 @ RWC. "police activity" 5 min down T16:58
2012-05-11 15:19:54 : 11/23/11 Notified users of Minor Event involving train in tweet SB 154 is 8 min late @ RWC. Annoying music from kind in south car. Conductor please! T15:11
2012-05-11 15:19:54 : 11/23/11 Notified users of Minor Event involving train in tweet SB 158 departed Cal Ave 7 min late T16:15
2012-05-11 15:19:55 : 11/26/11 Notified users of CRITICAL EVENT KCBS reporting: Just before 11am a NB Bullet, not sched to stop at CalAve, struck, killed a trespasser. T11:46
2012-05-11 15:19:55 : 11/26/11 Identified redundant CRITICAL EVENT Fatality at Cal Ave about an hour ago, trains stopped in both directions T11:46
2012-05-11 15:19:55 : 11/26/11 Identified redundant CRITICAL EVENT Speed restriction in effect at incident site. Single tracking. T11:55
2012-05-11 15:19:55 : 11/26/11 Identified redundant CRITICAL EVENT The baby bullet train that struck the trespasser is transferring its (approx) 300 passengers to another train T12:18
2012-05-11 15:19:56 : 11/28/11 Notified users of Minor Event involving train in tweet SB 314 about 2 minutes down at Hillsdale, but could be delayed ahead T07:42
2012-05-11 15:19:56 : 11/28/11 Notified users of Minor Event involving train in tweet Sb216 left San Mateo 5 minutes late T07:48
2012-05-11 15:19:56 : 11/28/11 Notified users of Minor Event involving train in tweet SB312 arr RWC 17m late T07:48
2012-05-11 15:19:56 : 11/28/11 Notified users of Minor Event involving train in tweet Sb216 left Menlo Park 8 minutes late T08:06
2012-05-11 15:19:56 : 11/28/11 Notified users of Minor Event involving train in tweet NB227 21 minutes late leaving Santa Clara T08:24
2012-05-11 15:19:56 : 11/28/11 Notified users of Minor Event involving train in tweet NB233 down 14 minutes leaving SV T09:10
2012-05-11 15:19:56 : 11/29/11 Notified users of Minor Event involving train in tweet Sb 288 arriving 13 min late to menlo park T19:48
2012-05-11 15:19:56 : 11/30/11 Notified users of Minor Event involving train in tweet NB207 now an express train from PA to SF due to mechanical problems. T06:44
2012-05-11 15:19:57 : 11/30/11 Notified users of Minor Event involving train in tweet Sb216 sluggish start left San Bruno 3 minutes late T07:36
2012-05-11 15:19:57 : 11/30/11 Notified users of Minor Event involving train in tweet Sb218 left sc 5 min late 8:12 T08:19
2012-05-11 15:19:57 : 11/30/11 Notified users of Minor Event involving train in tweet Sb220 left sc 7 min late 8:20 T08:21
2012-05-11 15:19:57 : 11/30/11 Notified users of Minor Event involving train in tweet SB 332 departed SF 4 mins late. T09:03
2012-05-11 15:19:57 : 11/30/11 Notified users of Minor Event involving train in tweet NB 135 departed Santa Clara 6 min late T09:21
2012-05-11 15:19:57 : 12/01/11 Notified users of Minor Event involving train in tweet SB314 running about two minutes down since 22nd T07:54
2012-05-11 15:19:57 : 12/01/11 Notified users of Minor Event involving train in tweet NB221 5 min late @ San Mateo T08:12
2012-05-11 15:19:57 : 12/01/11 Notified users of Minor Event involving train in tweet NB 135 departed Santa Clara 5 min late T09:20
2012-05-11 15:19:57 : 12/01/11 Notified users of Minor Event involving train in tweet NB267 is 9 minutes late at San Carlos T17:38
2012-05-11 15:19:57 : 12/01/11 Notified users of Minor Event involving train in tweet NB373 dep MP 6m late T17:53
2012-05-11 15:19:57 : 12/02/11 Notified users of Minor Event involving train in tweet NB267 is 5 minutes late at San Carlos T17:35
2012-05-11 15:19:58 : 12/03/11 Notified users of CRITICAL EVENT NB429 stopped at San Antonio waiting on fatality at Cal Ave. will pickup nb427 passengers T11:49
2012-05-11 15:19:58 : 12/03/11 Identified redundant CRITICAL EVENT Another trespasser struck north of Menlo Park. Expect more delays. T12:17
2012-05-11 15:19:58 : 12/03/11 Identified redundant CRITICAL EVENT NB433 stuck at San Antonio due to fatalities ahead. No estimate given. T13:36
2012-05-11 15:19:58 : 12/05/11 Notified users of Minor Event involving train in tweet SB226 arrived menlo 8 mins late. Construction by tracks in RWC T09:06
2012-05-11 15:19:59 : 12/05/11 Notified users of Minor Event involving train in tweet NB383 leaving MV down 8 mins T18:45
2012-05-11 15:19:59 : 12/05/11 Notified users of Minor Event involving train in tweet Nb285 11 minutes late per sign T18:45
2012-05-11 15:19:59 : 12/05/11 Notified users of Minor Event involving train in tweet SB 280 departed Cal Ave 7 min late T18:49
2012-05-11 15:19:59 : 12/06/11 Notified users of Minor Event involving train in tweet SB322 5m late dep 22nd, no reason given T08:10
2012-05-11 15:19:59 : 12/06/11 Notified users of Minor Event involving train in tweet SB322 @ RWC, conductors inspecting underside of 1st car; 6m down and counting T08:37
2012-05-11 15:19:59 : 12/06/11 Notified users of Minor Event involving train in tweet NB 135 departed Santa Clara 5 min late T09:21
2012-05-11 15:19:59 : 12/06/11 Notified users of Minor Event involving train in tweet Rescue train said to have departed sj to pick up nb135 passengers T10:05
2012-05-11 15:19:59 : 12/06/11 Notified users of Minor Event involving train in tweet NB 139 departed MV 18 min late and crowded T10:48
2012-05-11 15:19:59 : 12/06/11 Notified users of Minor Event involving train in tweet Nb139 departing MV 19 minutes late with psgrs from 135 T10:48
2012-05-11 15:19:59 : 12/06/11 Notified users of Minor Event involving train in tweet Nb139 departing MV 19 minutes late with psgrs from 135 T10:48
2012-05-11 15:20:00 : 12/07/11 Notified users of Minor Event involving train in tweet Announcement that NB221 is 10 min late T07:25
2012-05-11 15:20:00 : 12/07/11 Notified users of Minor Event involving train in tweet NB225 won't go over 50mph so conductor trying to fix at Sunnyvale station. 9 min late and still not moving T08:10
2012-05-11 15:20:00 : 12/07/11 Notified users of Minor Event involving train in tweet NB221 8min late @ San Mateo T08:15
2012-05-11 15:20:00 : 12/07/11 Notified users of Minor Event involving train in tweet NB 329 is running 12 min late T08:41
2012-05-11 15:20:00 : 12/07/11 Notified users of Minor Event involving train in tweet SB266 left MP 6 min late T17:34
2012-05-11 15:20:00 : 12/08/11 Notified users of Minor Event involving train in tweet Sb220 left RWC 6 minutes late T08:25
2012-05-11 15:20:00 : 12/08/11 Notified users of Minor Event involving train in tweet SB 270 departed Cal Ave 8 min late T17:50
2012-05-11 15:20:00 : 12/08/11 Notified users of Minor Event involving train in tweet Nb197 left MV 7 minutes late. T22:57
2012-05-11 15:20:00 : 12/09/11 Notified users of Minor Event involving train in tweet Nb225 left MV about 7 minutes late T08:14
2012-05-11 15:20:01 : 12/09/11 Notified users of Minor Event involving train in tweet Nb275 left Lawrence a couple minutes late. Looking out for trespassers up ahead. T17:43
2012-05-11 15:20:01 : 12/13/11 Notified users of Minor Event involving train in tweet NB 147 is about 6 minutes late arriving at Hayward Park. T13:07
2012-05-11 15:20:03 : 12/19/11 Notified users of Minor Event involving train in tweet NB 135 departed SV 5 min late T09:29
2012-05-11 15:20:03 : 12/19/11 Notified users of Minor Event involving train in tweet SB 280 departed Cal Ave 8 min late T18:51
2012-05-11 15:20:04 : 12/21/11 Notified users of Minor Event involving train in tweet SB332 Caltrain off to a late start. Folks can't even board yet. T08:59
2012-05-11 15:20:04 : 12/21/11 Notified users of Minor Event involving train in tweet SB332 Bullet now off to the races. Rushing to 22nd street to make up time. T09:05
2012-05-11 15:20:04 : 12/22/11 Notified users of Minor Event involving train in tweet NB221 left SJ 6 min late and making ALL stops T07:28
2012-05-11 15:20:04 : 12/22/11 Notified users of Minor Event involving train in tweet NB225 passed SCl 8 mins behind schedule. T08:04
2012-05-11 15:20:04 : 12/22/11 Notified users of Minor Event involving train in tweet NB225 leaving Sunnyvale 7 min late T08:08
2012-05-11 15:20:04 : 12/22/11 Notified users of Minor Event involving train in tweet SB 230 departed SF 4 min late due to NB delay T08:49
2012-05-11 15:20:04 : 12/22/11 Notified users of Minor Event involving train in tweet SB230 departed 22nd late at 8:52:15 T08:52
2012-05-11 15:20:04 : 12/23/11 Notified users of Minor Event involving train in tweet SB322 down 5 mins, signal issue -- halted just past of RWC T08:37
2012-05-11 15:20:06 : 12/28/11 Notified users of Minor Event involving train in tweet Nb197 left Santa Clara 6 minutes late T22:41
2012-05-11 15:20:06 : 12/28/11 Notified users of Minor Event involving train in tweet NB 197 departed Sunnyvale 8 minutes late. T22:55
2012-05-11 15:20:07 : 01/02/12 Notified users of Minor Event involving train in tweet NB211 5 minutes late departing Diridon at 6:26am T06:29
2012-05-11 15:20:07 : 01/02/12 Notified users of Minor Event involving train in tweet NB329 leavin SV 8min late, and quite overfilled. T08:31
2012-05-11 15:20:08 : 01/04/12 Notified users of Minor Event involving train in tweet SB266 left MP 4 min late T17:33
2012-05-11 15:20:08 : 01/06/12 Notified users of Minor Event involving train in tweet NB323 stopped at Hillsdale due to medical emergency on the train. Currently 5 minutes down. T08:22
2012-05-11 15:20:08 : 01/06/12 Notified users of Minor Event involving train in tweet NB323 on the move. 13 minutes down. T08:29
2012-05-11 15:20:08 : 01/06/12 Notified users of Minor Event involving train in tweet NB267 is 5 minutes late at San Carlos T17:33
2012-05-11 15:20:09 : 01/10/12 Notified users of Minor Event involving train in tweet Sb216 left Hillsdale 5 minutes late T07:51
2012-05-11 15:20:09 : 01/10/12 Notified users of Minor Event involving train in tweet SB226 front car "closed due to safety concerns"; 5 mins late@sancarlosT08:55
2012-05-11 15:20:09 : 01/10/12 Notified users of Minor Event involving train in tweet Sb228 left sc 4 min late 9:11 T09:15
2012-05-11 15:20:09 : 01/10/12 Notified users of Minor Event involving train in tweet SB266 left MP 4 min late T17:32
2012-05-11 15:20:10 : 01/11/12 Notified users of Minor Event involving train in tweet SB 312 ~12 min late to Millbrae T07:25
2012-05-11 15:20:10 : 01/11/12 Notified users of Minor Event involving train in tweet SB312 stopped north of RWC. No reason given. 5+ min down. T07:35
2012-05-11 15:20:10 : 01/11/12 Notified users of Minor Event involving train in tweet Sb216 left San Bruno 6 minutes late T07:40
2012-05-11 15:20:10 : 01/11/12 Notified users of Minor Event involving train in tweet SB312 just passed SB210 between RWC and MP. Arriving MP 9min late. T07:44
2012-05-11 15:20:10 : 01/11/12 Notified users of Minor Event involving train in tweet SB312 just passed SB210 between RWC and MP. Arriving MP 9min late. T07:44
2012-05-11 15:20:10 : 01/11/12 Notified users of Minor Event involving train in tweet SB 210 is 26 min late in Menlo T07:50
2012-05-11 15:20:10 : 01/11/12 Notified users of Minor Event involving train in tweet Sb216 left sc 5 min late 7:55 T07:56
2012-05-11 15:20:10 : 01/13/12 Notified users of Minor Event involving train in tweet Sb216 left Burlingame 7 minutes late T07:45
2012-05-11 15:20:11 : 01/16/12 Notified users of Minor Event involving train in tweet SB 142 is 10 minutes late out of San Antonio T12:22
2012-05-11 15:20:11 : 01/17/12 Notified users of Minor Event involving train in tweet SB322 3 mins late arriving@millbraeT08:19
2012-05-11 15:20:11 : 01/17/12 Notified users of Minor Event involving train in tweet NB285 left Menlo Park 22 min late. T19:21
2012-05-11 15:20:11 : 01/18/12 Notified users of Minor Event involving train in tweet SB322 sitting still south of MB 10 min now. Mechanical difficulties reported. "Help is on the way." T08:30
2012-05-11 15:20:11 : 01/18/12 Notified users of Minor Event involving train in tweet SB226 + SB322 combined now leaving MB. T09:06
2012-05-11 15:20:11 : 01/18/12 Notified users of Minor Event involving train in tweet SB226 + SB322 combined now leaving MB. T09:06
2012-05-11 15:20:12 : 01/18/12 Notified users of Minor Event involving train in tweet Making stops mp, pa, mv Re: Sb226 left San Carlos 32 min late 9:22 T09:31
2012-05-11 15:20:12 : 01/19/12 Notified users of Minor Event involving train in tweet Sb226 left San Carlos 7 min late 8:57 T08:58
2012-05-11 15:20:12 : 01/19/12 Notified users of Minor Event involving train in tweet SB 226 8 minutes late at San Carlos T08:59
2012-05-11 15:20:12 : 01/19/12 Notified users of Minor Event involving train in tweet NB275 4 mins late out of mtnview T17:51
2012-05-11 15:20:12 : 01/19/12 Notified users of Minor Event involving train in tweet SB 270 left Sunnyvale 4 minutes late. Gilroy bound. T18:00
2012-05-11 15:20:13 : 01/20/12 Notified users of Minor Event involving train in tweet Nb275 left Palo Alto 8 minutes late T18:03
2012-05-11 15:20:13 : 01/20/12 Notified users of Minor Event involving train in tweet NB275 left PA 9min down. T18:04
2012-05-11 15:20:13 : 01/20/12 Notified users of Minor Event involving train in tweet NB 275 left Hillsdale late at 18:18. T18:19
2012-05-11 15:20:13 : 01/20/12 Notified users of Minor Event involving train in tweet Announcement on NB379: we will 'bypass' 275 at Millbrae. 379 currently 10min down. T18:30
2012-05-11 15:20:13 : 01/20/12 Notified users of Minor Event involving train in tweet Announcement on NB379: we will 'bypass' 275 at Millbrae. 379 currently 10min down. T18:30
2012-05-11 15:20:13 : 01/20/12 Notified users of Minor Event involving train in tweet Announcement on NB379: we will 'bypass' 275 at Millbrae. 379 currently 10min down. T18:30
2012-05-11 15:20:13 : 01/20/12 Notified users of Minor Event involving train in tweet NB 379 got ahead of 275 at Millbrae. 379 departed 18:35 T18:35
2012-05-11 15:20:13 : 01/20/12 Notified users of Minor Event involving train in tweet NB 379 got ahead of 275 at Millbrae. 379 departed 18:35 T18:35
2012-05-11 15:20:13 : 01/20/12 Notified users of Minor Event involving train in tweet NB 379 got ahead of 275 at Millbrae. 379 departed 18:35 T18:35
2012-05-11 15:20:13 : 01/22/12 Notified users of CRITICAL EVENT Per@kcbsnews: fatality in Sunnyvale. Trains delayed. T16:40
2012-05-11 15:20:14 : 01/23/12 Notified users of Minor Event involving train in tweet Per signage, NB 277 is 10 minutes late. T17:58
2012-05-11 15:20:14 : 01/23/12 Notified users of Minor Event involving train in tweet NB 379 has not arrived at mtn view; 5 minutes late and counting. T18:05
2012-05-11 15:20:14 : 01/23/12 Notified users of Minor Event involving train in tweet NB 379 departed Mountain View 10 minutes late T18:08
2012-05-11 15:20:14 : 01/23/12 Notified users of Minor Event involving train in tweet NB 275 @ Hillsdale now T18:11
2012-05-11 15:20:14 : 01/23/12 Notified users of Minor Event involving train in tweet To avoid confusion: NB 379 is supposed to be ahead of NB 277 after Lawrence. Both are running about ten minutes down. T18:12
2012-05-11 15:20:14 : 01/23/12 Notified users of Minor Event involving train in tweet To avoid confusion: NB 379 is supposed to be ahead of NB 277 after Lawrence. Both are running about ten minutes down. T18:12
2012-05-11 15:20:14 : 01/23/12 Notified users of Minor Event involving train in tweet NB275 left Hillsdale 4 min late T18:13
2012-05-11 15:20:14 : 01/23/12 Notified users of Minor Event involving train in tweet NB 379 left PA 11 mins late due to breakdown of different train per condctr T18:19
2012-05-11 15:20:14 : 01/24/12 Notified users of Minor Event involving train in tweet Signs say SB362 is ~14 min late T07:24
2012-05-11 15:20:14 : 01/24/12 Notified users of Minor Event involving train in tweet Sb226 left San Carlos 5 min late 8:55 T09:29
2012-05-11 15:20:14 : 01/24/12 Notified users of Minor Event involving train in tweet NB 281 left SC 19:06 T19:08
2012-05-11 15:20:14 : 01/24/12 Notified users of Minor Event involving train in tweet Nb285 left San Carlos 8 minutes late T19:12
2012-05-11 15:20:14 : 01/24/12 Notified users of Minor Event involving train in tweet NB285 left Burlingame 19:28. Caltrain: please omit "approximately" from electronic sign ann T19:30
2012-05-11 15:20:15 : 01/25/12 Notified users of Minor Event involving train in tweet Sb314 will pick up pax at San Carlos. I'm assuming it's limited now. T07:32
2012-05-11 15:20:15 : 01/25/12 Notified users of Minor Event involving train in tweet Sb216 left Menlo 14 minutes late T08:12
2012-05-11 15:20:15 : 01/26/12 Notified users of Minor Event involving train in tweet NB 383 overshot and reversed@MV-- 6 mins down. T18:43
2012-05-11 15:20:15 : 01/27/12 Notified users of Minor Event involving train in tweet NB 207 jerkily crawling to PA @ 5 MPH, passing Homer, 18 min down T06:56
2012-05-11 15:20:16 : 01/27/12 Notified users of Minor Event involving train in tweet SB210 departed San Carlos 7 min late T07:21
2012-05-11 15:20:16 : 01/27/12 Notified users of Minor Event involving train in tweet NB319 8 min late@PAT07:31
2012-05-11 15:20:16 : 01/27/12 Notified users of Minor Event involving train in tweet Sb216 departed Hillsdale 4 minutes late T07:52
2012-05-11 15:20:16 : 01/27/12 Notified users of Minor Event involving train in tweet NB 267 departed San Carlos 6 min late at 17:35 T17:36
2012-05-11 15:20:17 : 01/30/12 Notified users of Minor Event involving train in tweet Sb220 left Palo Alto 7 minutes late T08:34
2012-05-11 15:20:17 : 01/31/12 Notified users of Minor Event involving train in tweet NB329 very slow out of SJ already late to SV T08:15
2012-05-11 15:20:17 : 01/31/12 Notified users of Minor Event involving train in tweet NB227 departed Lawr 8 mins late. T08:20
2012-05-11 15:20:17 : 01/31/12 Notified users of Minor Event involving train in tweet NB329 dep PA 10 mins late T08:35
2012-05-11 15:20:17 : 01/31/12 Notified users of Minor Event involving train in tweet NB227 dep Cal Ave 10 mins late. T08:45
2012-05-11 15:20:17 : 01/31/12 Notified users of Minor Event involving train in tweet NB227 left hillsdale 13 min late T09:06
2012-05-11 15:20:17 : 01/31/12 Notified users of Minor Event involving train in tweet Sb134 left mtnview w/o waiting for the fuzz T10:20
